<?xml version="1.0" encoding="UTF-8"?>
<testsuite xmlns:xsi="http://www.w3.org/2001/XMLSchema-instance" xsi:noNamespaceSchemaLocation="https://maven.apache.org/surefire/maven-surefire-plugin/xsd/surefire-test-report.xsd" name="com.armangrewal007.tradingbot.SimpleStrategyTest" time="4.557" tests="1" errors="0" skipped="0" failures="1">
  <properties>
    <property name="java.specification.version" value="23"/>
    <property name="sun.jnu.encoding" value="UTF-8"/>
    <property name="java.class.path" value="/Users/armangrewal/Desktop/Research/trading-bot/target/test-classes:/Users/armangrewal/Desktop/Research/trading-bot/target/classes:/Users/armangrewal/.m2/repository/org/springframework/boot/spring-boot-starter/2.7.11/spring-boot-starter-2.7.11.jar:/Users/armangrewal/.m2/repository/org/springframework/boot/spring-boot/2.7.11/spring-boot-2.7.11.jar:/Users/armangrewal/.m2/repository/org/springframework/spring-context/5.3.27/spring-context-5.3.27.jar:/Users/armangrewal/.m2/repository/org/springframework/spring-aop/5.3.27/spring-aop-5.3.27.jar:/Users/armangrewal/.m2/repository/org/springframework/spring-beans/5.3.27/spring-beans-5.3.27.jar:/Users/armangrewal/.m2/repository/org/springframework/spring-expression/5.3.27/spring-expression-5.3.27.jar:/Users/armangrewal/.m2/repository/org/springframework/boot/spring-boot-autoconfigure/2.7.11/spring-boot-autoconfigure-2.7.11.jar:/Users/armangrewal/.m2/repository/org/springframework/boot/spring-boot-starter-logging/2.7.11/spring-boot-starter-logging-2.7.11.jar:/Users/armangrewal/.m2/repository/ch/qos/logback/logback-classic/1.2.12/logback-classic-1.2.12.jar:/Users/armangrewal/.m2/repository/ch/qos/logback/logback-core/1.2.12/logback-core-1.2.12.jar:/Users/armangrewal/.m2/repository/org/apache/logging/log4j/log4j-to-slf4j/2.17.2/log4j-to-slf4j-2.17.2.jar:/Users/armangrewal/.m2/repository/org/apache/logging/log4j/log4j-api/2.17.2/log4j-api-2.17.2.jar:/Users/armangrewal/.m2/repository/org/slf4j/jul-to-slf4j/1.7.36/jul-to-slf4j-1.7.36.jar:/Users/armangrewal/.m2/repository/jakarta/annotation/jakarta.annotation-api/1.3.5/jakarta.annotation-api-1.3.5.jar:/Users/armangrewal/.m2/repository/org/springframework/spring-core/5.3.27/spring-core-5.3.27.jar:/Users/armangrewal/.m2/repository/org/springframework/spring-jcl/5.3.27/spring-jcl-5.3.27.jar:/Users/armangrewal/.m2/repository/org/yaml/snakeyaml/1.30/snakeyaml-1.30.jar:/Users/armangrewal/.m2/repository/org/hsqldb/hsqldb/2.7.1/hsqldb-2.7.1.jar:/Users/armangrewal/.m2/repository/tech/cassandre/trading/bot/cassandre-trading-bot-spring-boot-starter/6.0.1/cassandre-trading-bot-spring-boot-starter-6.0.1.jar:/Users/armangrewal/.m2/repository/tech/cassandre/trading/bot/cassandre-trading-bot-spring-boot-autoconfigure/6.0.1/cassandre-trading-bot-spring-boot-autoconfigure-6.0.1.jar:/Users/armangrewal/.m2/repository/org/springframework/boot/spring-boot-starter-validation/2.7.11/spring-boot-starter-validation-2.7.11.jar:/Users/armangrewal/.m2/repository/org/apache/tomcat/embed/tomcat-embed-el/9.0.74/tomcat-embed-el-9.0.74.jar:/Users/armangrewal/.m2/repository/org/hibernate/validator/hibernate-validator/6.2.5.Final/hibernate-validator-6.2.5.Final.jar:/Users/armangrewal/.m2/repository/jakarta/validation/jakarta.validation-api/2.0.2/jakarta.validation-api-2.0.2.jar:/Users/armangrewal/.m2/repository/org/jboss/logging/jboss-logging/3.4.1.Final/jboss-logging-3.4.1.Final.jar:/Users/armangrewal/.m2/repository/com/fasterxml/classmate/1.5.1/classmate-1.5.1.jar:/Users/armangrewal/.m2/repository/io/projectreactor/reactor-core/3.3.22.RELEASE/reactor-core-3.3.22.RELEASE.jar:/Users/armangrewal/.m2/repository/org/reactivestreams/reactive-streams/1.0.3/reactive-streams-1.0.3.jar:/Users/armangrewal/.m2/repository/org/springframework/boot/spring-boot-starter-aop/2.7.11/spring-boot-starter-aop-2.7.11.jar:/Users/armangrewal/.m2/repository/org/aspectj/aspectjweaver/1.9.7/aspectjweaver-1.9.7.jar:/Users/armangrewal/.m2/repository/org/springframework/boot/spring-boot-starter-data-jpa/2.7.11/spring-boot-starter-data-jpa-2.7.11.jar:/Users/armangrewal/.m2/repository/org/springframework/boot/spring-boot-starter-jdbc/2.7.11/spring-boot-starter-jdbc-2.7.11.jar:/Users/armangrewal/.m2/repository/com/zaxxer/HikariCP/4.0.3/HikariCP-4.0.3.jar:/Users/armangrewal/.m2/repository/org/springframework/spring-jdbc/5.3.27/spring-jdbc-5.3.27.jar:/Users/armangrewal/.m2/repository/jakarta/transaction/jakarta.transaction-api/1.3.3/jakarta.transaction-api-1.3.3.jar:/Users/armangrewal/.m2/repository/jakarta/persistence/jakarta.persistence-api/2.2.3/jakarta.persistence-api-2.2.3.jar:/Users/armangrewal/.m2/repository/org/hibernate/hibernate-core/5.6.15.Final/hibernate-core-5.6.15.Final.jar:/Users/armangrewal/.m2/repository/antlr/antlr/2.7.7/antlr-2.7.7.jar:/Users/armangrewal/.m2/repository/org/jboss/jandex/2.4.2.Final/jandex-2.4.2.Final.jar:/Users/armangrewal/.m2/repository/org/hibernate/common/hibernate-commons-annotations/5.1.2.Final/hibernate-commons-annotations-5.1.2.Final.jar:/Users/armangrewal/.m2/repository/org/glassfish/jaxb/jaxb-runtime/2.3.1/jaxb-runtime-2.3.1.jar:/Users/armangrewal/.m2/repository/org/glassfish/jaxb/txw2/2.3.1/txw2-2.3.1.jar:/Users/armangrewal/.m2/repository/com/sun/istack/istack-commons-runtime/3.0.7/istack-commons-runtime-3.0.7.jar:/Users/armangrewal/.m2/repository/org/jvnet/staxex/stax-ex/1.8/stax-ex-1.8.jar:/Users/armangrewal/.m2/repository/com/sun/xml/fastinfoset/FastInfoset/1.2.15/FastInfoset-1.2.15.jar:/Users/armangrewal/.m2/repository/org/springframework/data/spring-data-jpa/2.7.11/spring-data-jpa-2.7.11.jar:/Users/armangrewal/.m2/repository/org/springframework/data/spring-data-commons/2.7.11/spring-data-commons-2.7.11.jar:/Users/armangrewal/.m2/repository/org/springframework/spring-orm/5.3.27/spring-orm-5.3.27.jar:/Users/armangrewal/.m2/repository/org/springframework/spring-tx/5.3.27/spring-tx-5.3.27.jar:/Users/armangrewal/.m2/repository/org/springframework/spring-aspects/5.3.27/spring-aspects-5.3.27.jar:/Users/armangrewal/.m2/repository/org/liquibase/liquibase-core/4.22.0/liquibase-core-4.22.0.jar:/Users/armangrewal/.m2/repository/org/apache/commons/commons-text/1.10.0/commons-text-1.10.0.jar:/Users/armangrewal/.m2/repository/org/apache/commons/commons-collections4/4.4/commons-collections4-4.4.jar:/Users/armangrewal/.m2/repository/javax/xml/bind/jaxb-api/2.3.1/jaxb-api-2.3.1.jar:/Users/armangrewal/.m2/repository/javax/activation/javax.activation-api/1.2.0/javax.activation-api-1.2.0.jar:/Users/armangrewal/.m2/repository/com/github/vladimir-bukhtoyarov/bucket4j-core/7.6.0/bucket4j-core-7.6.0.jar:/Users/armangrewal/.m2/repository/org/mapstruct/mapstruct/1.5.5.Final/mapstruct-1.5.5.Final.jar:/Users/armangrewal/.m2/repository/com/fasterxml/jackson/dataformat/jackson-dataformat-xml/2.15.0/jackson-dataformat-xml-2.15.0.jar:/Users/armangrewal/.m2/repository/com/fasterxml/jackson/core/jackson-core/2.15.0/jackson-core-2.15.0.jar:/Users/armangrewal/.m2/repository/com/fasterxml/jackson/core/jackson-annotations/2.15.0/jackson-annotations-2.15.0.jar:/Users/armangrewal/.m2/repository/com/fasterxml/jackson/core/jackson-databind/2.15.0/jackson-databind-2.15.0.jar:/Users/armangrewal/.m2/repository/org/codehaus/woodstox/stax2-api/4.2.1/stax2-api-4.2.1.jar:/Users/armangrewal/.m2/repository/com/fasterxml/woodstox/woodstox-core/6.5.1/woodstox-core-6.5.1.jar:/Users/armangrewal/.m2/repository/com/opencsv/opencsv/5.7.1/opencsv-5.7.1.jar:/Users/armangrewal/.m2/repository/commons-beanutils/commons-beanutils/1.9.4/commons-beanutils-1.9.4.jar:/Users/armangrewal/.m2/repository/commons-logging/commons-logging/1.2/commons-logging-1.2.jar:/Users/armangrewal/.m2/repository/commons-collections/commons-collections/3.2.2/commons-collections-3.2.2.jar:/Users/armangrewal/.m2/repository/org/knowm/xchange/xchange-stream-core/5.0.13/xchange-stream-core-5.0.13.jar:/Users/armangrewal/.m2/repository/org/knowm/xchange/xchange-stream-service-core/5.0.13/xchange-stream-service-core-5.0.13.jar:/Users/armangrewal/.m2/repository/io/reactivex/rxjava2/rxjava/2.2.21/rxjava-2.2.21.jar:/Users/armangrewal/.m2/repository/org/knowm/xchange/xchange-stream-service-netty/5.0.13/xchange-stream-service-netty-5.0.13.jar:/Users/armangrewal/.m2/repository/io/netty/netty-all/4.1.73.Final/netty-all-4.1.73.Final.jar:/Users/armangrewal/.m2/repository/io/netty/netty-buffer/4.1.73.Final/netty-buffer-4.1.73.Final.jar:/Users/armangrewal/.m2/repository/io/netty/netty-codec/4.1.73.Final/netty-codec-4.1.73.Final.jar:/Users/armangrewal/.m2/repository/io/netty/netty-codec-dns/4.1.73.Final/netty-codec-dns-4.1.73.Final.jar:/Users/armangrewal/.m2/repository/io/netty/netty-codec-haproxy/4.1.73.Final/netty-codec-haproxy-4.1.73.Final.jar:/Users/armangrewal/.m2/repository/io/netty/netty-codec-http/4.1.73.Final/netty-codec-http-4.1.73.Final.jar:/Users/armangrewal/.m2/repository/io/netty/netty-codec-http2/4.1.73.Final/netty-codec-http2-4.1.73.Final.jar:/Users/armangrewal/.m2/repository/io/netty/netty-codec-memcache/4.1.73.Final/netty-codec-memcache-4.1.73.Final.jar:/Users/armangrewal/.m2/repository/io/netty/netty-codec-mqtt/4.1.73.Final/netty-codec-mqtt-4.1.73.Final.jar:/Users/armangrewal/.m2/repository/io/netty/netty-codec-redis/4.1.73.Final/netty-codec-redis-4.1.73.Final.jar:/Users/armangrewal/.m2/repository/io/netty/netty-codec-smtp/4.1.73.Final/netty-codec-smtp-4.1.73.Final.jar:/Users/armangrewal/.m2/repository/io/netty/netty-codec-socks/4.1.73.Final/netty-codec-socks-4.1.73.Final.jar:/Users/armangrewal/.m2/repository/io/netty/netty-codec-stomp/4.1.73.Final/netty-codec-stomp-4.1.73.Final.jar:/Users/armangrewal/.m2/repository/io/netty/netty-codec-xml/4.1.73.Final/netty-codec-xml-4.1.73.Final.jar:/Users/armangrewal/.m2/repository/io/netty/netty-common/4.1.73.Final/netty-common-4.1.73.Final.jar:/Users/armangrewal/.m2/repository/io/netty/netty-handler/4.1.73.Final/netty-handler-4.1.73.Final.jar:/Users/armangrewal/.m2/repository/io/netty/netty-tcnative-classes/2.0.46.Final/netty-tcnative-classes-2.0.46.Final.jar:/Users/armangrewal/.m2/repository/io/netty/netty-handler-proxy/4.1.73.Final/netty-handler-proxy-4.1.73.Final.jar:/Users/armangrewal/.m2/repository/io/netty/netty-resolver/4.1.73.Final/netty-resolver-4.1.73.Final.jar:/Users/armangrewal/.m2/repository/io/netty/netty-resolver-dns/4.1.73.Final/netty-resolver-dns-4.1.73.Final.jar:/Users/armangrewal/.m2/repository/io/netty/netty-transport/4.1.73.Final/netty-transport-4.1.73.Final.jar:/Users/armangrewal/.m2/repository/io/netty/netty-transport-rxtx/4.1.73.Final/netty-transport-rxtx-4.1.73.Final.jar:/Users/armangrewal/.m2/repository/io/netty/netty-transport-sctp/4.1.73.Final/netty-transport-sctp-4.1.73.Final.jar:/Users/armangrewal/.m2/repository/io/netty/netty-transport-udt/4.1.73.Final/netty-transport-udt-4.1.73.Final.jar:/Users/armangrewal/.m2/repository/io/netty/netty-transport-classes-epoll/4.1.73.Final/netty-transport-classes-epoll-4.1.73.Final.jar:/Users/armangrewal/.m2/repository/io/netty/netty-transport-native-unix-common/4.1.73.Final/netty-transport-native-unix-common-4.1.73.Final.jar:/Users/armangrewal/.m2/repository/io/netty/netty-transport-classes-kqueue/4.1.73.Final/netty-transport-classes-kqueue-4.1.73.Final.jar:/Users/armangrewal/.m2/repository/io/netty/netty-resolver-dns-classes-macos/4.1.73.Final/netty-resolver-dns-classes-macos-4.1.73.Final.jar:/Users/armangrewal/.m2/repository/io/netty/netty-transport-native-epoll/4.1.73.Final/netty-transport-native-epoll-4.1.73.Final-linux-x86_64.jar:/Users/armangrewal/.m2/repository/io/netty/netty-transport-native-epoll/4.1.73.Final/netty-transport-native-epoll-4.1.73.Final-linux-aarch_64.jar:/Users/armangrewal/.m2/repository/io/netty/netty-transport-native-kqueue/4.1.73.Final/netty-transport-native-kqueue-4.1.73.Final-osx-x86_64.jar:/Users/armangrewal/.m2/repository/io/netty/netty-transport-native-kqueue/4.1.73.Final/netty-transport-native-kqueue-4.1.73.Final-osx-aarch_64.jar:/Users/armangrewal/.m2/repository/io/netty/netty-resolver-dns-native-macos/4.1.73.Final/netty-resolver-dns-native-macos-4.1.73.Final-osx-x86_64.jar:/Users/armangrewal/.m2/repository/io/netty/netty-resolver-dns-native-macos/4.1.73.Final/netty-resolver-dns-native-macos-4.1.73.Final-osx-aarch_64.jar:/Users/armangrewal/.m2/repository/org/knowm/xchange/xchange-kucoin/5.0.13/xchange-kucoin-5.0.13.jar:/Users/armangrewal/.m2/repository/org/knowm/xchange/xchange-core/5.0.13/xchange-core-5.0.13.jar:/Users/armangrewal/.m2/repository/com/github/mmazi/rescu/2.1.0/rescu-2.1.0.jar:/Users/armangrewal/.m2/repository/jakarta/ws/rs/jakarta.ws.rs-api/2.1.5/jakarta.ws.rs-api-2.1.5.jar:/Users/armangrewal/.m2/repository/oauth/signpost/signpost-core/1.2.1.2/signpost-core-1.2.1.2.jar:/Users/armangrewal/.m2/repository/org/apache/commons/commons-lang3/3.12.0/commons-lang3-3.12.0.jar:/Users/armangrewal/.m2/repository/io/github/resilience4j/resilience4j-all/1.7.0/resilience4j-all-1.7.0.jar:/Users/armangrewal/.m2/repository/io/vavr/vavr/0.10.2/vavr-0.10.2.jar:/Users/armangrewal/.m2/repository/io/vavr/vavr-match/0.10.2/vavr-match-0.10.2.jar:/Users/armangrewal/.m2/repository/io/github/resilience4j/resilience4j-ratelimiter/1.7.0/resilience4j-ratelimiter-1.7.0.jar:/Users/armangrewal/.m2/repository/io/github/resilience4j/resilience4j-core/1.7.0/resilience4j-core-1.7.0.jar:/Users/armangrewal/.m2/repository/io/github/resilience4j/resilience4j-circuitbreaker/1.7.0/resilience4j-circuitbreaker-1.7.0.jar:/Users/armangrewal/.m2/repository/io/github/resilience4j/resilience4j-bulkhead/1.7.0/resilience4j-bulkhead-1.7.0.jar:/Users/armangrewal/.m2/repository/io/github/resilience4j/resilience4j-retry/1.7.0/resilience4j-retry-1.7.0.jar:/Users/armangrewal/.m2/repository/io/github/resilience4j/resilience4j-cache/1.7.0/resilience4j-cache-1.7.0.jar:/Users/armangrewal/.m2/repository/javax/cache/cache-api/1.1.0/cache-api-1.1.0.jar:/Users/armangrewal/.m2/repository/io/github/resilience4j/resilience4j-timelimiter/1.7.0/resilience4j-timelimiter-1.7.0.jar:/Users/armangrewal/.m2/repository/com/google/guava/guava/31.0.1-jre/guava-31.0.1-jre.jar:/Users/armangrewal/.m2/repository/com/google/guava/failureaccess/1.0.1/failureaccess-1.0.1.jar:/Users/armangrewal/.m2/repository/com/google/guava/listenablefuture/9999.0-empty-to-avoid-conflict-with-guava/listenablefuture-9999.0-empty-to-avoid-conflict-with-guava.jar:/Users/armangrewal/.m2/repository/com/google/code/findbugs/jsr305/3.0.2/jsr305-3.0.2.jar:/Users/armangrewal/.m2/repository/org/checkerframework/checker-qual/3.12.0/checker-qual-3.12.0.jar:/Users/armangrewal/.m2/repository/com/google/errorprone/error_prone_annotations/2.7.1/error_prone_annotations-2.7.1.jar:/Users/armangrewal/.m2/repository/com/google/j2objc/j2objc-annotations/1.3/j2objc-annotations-1.3.jar:/Users/armangrewal/.m2/repository/org/slf4j/slf4j-api/1.7.33/slf4j-api-1.7.33.jar:/Users/armangrewal/.m2/repository/javax/annotation/javax.annotation-api/1.3.2/javax.annotation-api-1.3.2.jar:/Users/armangrewal/.m2/repository/org/knowm/xchange/xchange-simulated/5.0.13/xchange-simulated-5.0.13.jar:/Users/armangrewal/.m2/repository/tech/cassandre/trading/bot/cassandre-trading-bot-spring-boot-starter-api-graphql/6.0.1/cassandre-trading-bot-spring-boot-starter-api-graphql-6.0.1.jar:/Users/armangrewal/.m2/repository/tech/cassandre/trading/bot/cassandre-trading-bot-spring-boot-starter-api-graphql-autoconfigure/6.0.1/cassandre-trading-bot-spring-boot-starter-api-graphql-autoconfigure-6.0.1.jar:/Users/armangrewal/.m2/repository/org/springframework/boot/spring-boot-starter-security/2.7.11/spring-boot-starter-security-2.7.11.jar:/Users/armangrewal/.m2/repository/org/springframework/security/spring-security-config/5.7.8/spring-security-config-5.7.8.jar:/Users/armangrewal/.m2/repository/org/springframework/security/spring-security-core/5.7.8/spring-security-core-5.7.8.jar:/Users/armangrewal/.m2/repository/org/springframework/security/spring-security-crypto/5.7.8/spring-security-crypto-5.7.8.jar:/Users/armangrewal/.m2/repository/org/springframework/security/spring-security-web/5.7.8/spring-security-web-5.7.8.jar:/Users/armangrewal/.m2/repository/org/springframework/boot/spring-boot-starter-web/2.7.11/spring-boot-starter-web-2.7.11.jar:/Users/armangrewal/.m2/repository/org/springframework/boot/spring-boot-starter-json/2.7.11/spring-boot-starter-json-2.7.11.jar:/Users/armangrewal/.m2/repository/org/springframework/boot/spring-boot-starter-tomcat/2.7.11/spring-boot-starter-tomcat-2.7.11.jar:/Users/armangrewal/.m2/repository/org/apache/tomcat/embed/tomcat-embed-core/9.0.74/tomcat-embed-core-9.0.74.jar:/Users/armangrewal/.m2/repository/org/apache/tomcat/embed/tomcat-embed-websocket/9.0.74/tomcat-embed-websocket-9.0.74.jar:/Users/armangrewal/.m2/repository/org/springframework/spring-web/5.3.27/spring-web-5.3.27.jar:/Users/armangrewal/.m2/repository/org/springframework/spring-webmvc/5.3.27/spring-webmvc-5.3.27.jar:/Users/armangrewal/.m2/repository/com/netflix/graphql/dgs/graphql-dgs-spring-boot-starter/5.3.0/graphql-dgs-spring-boot-starter-5.3.0.jar:/Users/armangrewal/.m2/repository/com/netflix/graphql/dgs/graphql-dgs-spring-boot-oss-autoconfigure/5.3.0/graphql-dgs-spring-boot-oss-autoconfigure-5.3.0.jar:/Users/armangrewal/.m2/repository/com/netflix/graphql/dgs/graphql-dgs-spring-webmvc/5.3.0/graphql-dgs-spring-webmvc-5.3.0.jar:/Users/armangrewal/.m2/repository/com/netflix/graphql/dgs/graphql-dgs-spring-webmvc-autoconfigure/5.3.0/graphql-dgs-spring-webmvc-autoconfigure-5.3.0.jar:/Users/armangrewal/.m2/repository/jakarta/servlet/jakarta.servlet-api/4.0.4/jakarta.servlet-api-4.0.4.jar:/Users/armangrewal/.m2/repository/com/netflix/graphql/dgs/graphql-error-types/5.3.0/graphql-error-types-5.3.0.jar:/Users/armangrewal/.m2/repository/org/jetbrains/kotlin/kotlin-stdlib-jdk8/1.6.21/kotlin-stdlib-jdk8-1.6.21.jar:/Users/armangrewal/.m2/repository/org/jetbrains/kotlin/kotlin-stdlib/1.6.21/kotlin-stdlib-1.6.21.jar:/Users/armangrewal/.m2/repository/org/jetbrains/kotlin/kotlin-stdlib-common/1.6.21/kotlin-stdlib-common-1.6.21.jar:/Users/armangrewal/.m2/repository/org/jetbrains/annotations/13.0/annotations-13.0.jar:/Users/armangrewal/.m2/repository/org/jetbrains/kotlin/kotlin-stdlib-jdk7/1.6.21/kotlin-stdlib-jdk7-1.6.21.jar:/Users/armangrewal/.m2/repository/org/springframework/boot/spring-boot-starter-websocket/2.6.7/spring-boot-starter-websocket-2.6.7.jar:/Users/armangrewal/.m2/repository/org/springframework/spring-messaging/5.3.19/spring-messaging-5.3.19.jar:/Users/armangrewal/.m2/repository/org/springframework/spring-websocket/5.3.19/spring-websocket-5.3.19.jar:/Users/armangrewal/.m2/repository/com/netflix/graphql/dgs/graphql-dgs-client/5.3.0/graphql-dgs-client-5.3.0.jar:/Users/armangrewal/.m2/repository/com/netflix/graphql/dgs/graphql-dgs-subscription-types/5.3.0/graphql-dgs-subscription-types-5.3.0.jar:/Users/armangrewal/.m2/repository/org/springframework/spring-webflux/5.3.19/spring-webflux-5.3.19.jar:/Users/armangrewal/.m2/repository/com/fasterxml/jackson/module/jackson-module-kotlin/2.13.2/jackson-module-kotlin-2.13.2.jar:/Users/armangrewal/.m2/repository/org/jetbrains/kotlin/kotlin-reflect/1.5.30/kotlin-reflect-1.5.30.jar:/Users/armangrewal/.m2/repository/com/fasterxml/jackson/datatype/jackson-datatype-jsr310/2.13.2/jackson-datatype-jsr310-2.13.2.jar:/Users/armangrewal/.m2/repository/com/fasterxml/jackson/module/jackson-module-parameter-names/2.13.2/jackson-module-parameter-names-2.13.2.jar:/Users/armangrewal/.m2/repository/com/fasterxml/jackson/datatype/jackson-datatype-jdk8/2.13.2/jackson-datatype-jdk8-2.13.2.jar:/Users/armangrewal/.m2/repository/com/graphql-java/graphql-java/18.3/graphql-java-18.3.jar:/Users/armangrewal/.m2/repository/com/graphql-java/java-dataloader/3.1.2/java-dataloader-3.1.2.jar:/Users/armangrewal/.m2/repository/org/antlr/antlr4-runtime/4.9.3/antlr4-runtime-4.9.3.jar:/Users/armangrewal/.m2/repository/com/netflix/graphql/dgs/graphql-dgs-mocking/5.3.0/graphql-dgs-mocking-5.3.0.jar:/Users/armangrewal/.m2/repository/net/datafaker/datafaker/1.4.0/datafaker-1.4.0.jar:/Users/armangrewal/.m2/repository/com/github/mifmif/generex/1.0.2/generex-1.0.2.jar:/Users/armangrewal/.m2/repository/dk/brics/automaton/automaton/1.11-8/automaton-1.11-8.jar:/Users/armangrewal/.m2/repository/com/apollographql/federation/federation-graphql-java-support/2.0.0/federation-graphql-java-support-2.0.0.jar:/Users/armangrewal/.m2/repository/com/apollographql/federation/federation-graphql-java-support-api/2.0.0/federation-graphql-java-support-api-2.0.0.jar:/Users/armangrewal/.m2/repository/com/google/protobuf/protobuf-java/3.19.4/protobuf-java-3.19.4.jar:/Users/armangrewal/.m2/repository/com/netflix/graphql/dgs/graphql-dgs-extended-scalars/5.3.0/graphql-dgs-extended-scalars-5.3.0.jar:/Users/armangrewal/.m2/repository/com/netflix/graphql/dgs/graphql-dgs/5.3.0/graphql-dgs-5.3.0.jar:/Users/armangrewal/.m2/repository/org/jetbrains/kotlinx/kotlinx-coroutines-core/1.5.2/kotlinx-coroutines-core-1.5.2.jar:/Users/armangrewal/.m2/repository/org/jetbrains/kotlinx/kotlinx-coroutines-core-jvm/1.5.2/kotlinx-coroutines-core-jvm-1.5.2.jar:/Users/armangrewal/.m2/repository/org/jetbrains/kotlinx/kotlinx-coroutines-jdk8/1.5.2/kotlinx-coroutines-jdk8-1.5.2.jar:/Users/armangrewal/.m2/repository/org/jetbrains/kotlinx/kotlinx-coroutines-reactor/1.5.2/kotlinx-coroutines-reactor-1.5.2.jar:/Users/armangrewal/.m2/repository/org/jetbrains/kotlinx/kotlinx-coroutines-reactive/1.5.2/kotlinx-coroutines-reactive-1.5.2.jar:/Users/armangrewal/.m2/repository/com/graphql-java/graphql-java-extended-scalars/18.1/graphql-java-extended-scalars-18.1.jar:/Users/armangrewal/.m2/repository/org/springframework/boot/spring-boot-starter-test/2.7.11/spring-boot-starter-test-2.7.11.jar:/Users/armangrewal/.m2/repository/org/springframework/boot/spring-boot-test/2.7.11/spring-boot-test-2.7.11.jar:/Users/armangrewal/.m2/repository/org/springframework/boot/spring-boot-test-autoconfigure/2.7.11/spring-boot-test-autoconfigure-2.7.11.jar:/Users/armangrewal/.m2/repository/com/jayway/jsonpath/json-path/2.7.0/json-path-2.7.0.jar:/Users/armangrewal/.m2/repository/net/minidev/json-smart/2.4.7/json-smart-2.4.7.jar:/Users/armangrewal/.m2/repository/net/minidev/accessors-smart/2.4.7/accessors-smart-2.4.7.jar:/Users/armangrewal/.m2/repository/org/ow2/asm/asm/9.1/asm-9.1.jar:/Users/armangrewal/.m2/repository/jakarta/xml/bind/jakarta.xml.bind-api/2.3.3/jakarta.xml.bind-api-2.3.3.jar:/Users/armangrewal/.m2/repository/jakarta/activation/jakarta.activation-api/1.2.2/jakarta.activation-api-1.2.2.jar:/Users/armangrewal/.m2/repository/org/assertj/assertj-core/3.22.0/assertj-core-3.22.0.jar:/Users/armangrewal/.m2/repository/org/hamcrest/hamcrest/2.2/hamcrest-2.2.jar:/Users/armangrewal/.m2/repository/org/junit/jupiter/junit-jupiter/5.8.2/junit-jupiter-5.8.2.jar:/Users/armangrewal/.m2/repository/org/junit/jupiter/junit-jupiter-api/5.8.2/junit-jupiter-api-5.8.2.jar:/Users/armangrewal/.m2/repository/org/opentest4j/opentest4j/1.2.0/opentest4j-1.2.0.jar:/Users/armangrewal/.m2/repository/org/junit/platform/junit-platform-commons/1.8.2/junit-platform-commons-1.8.2.jar:/Users/armangrewal/.m2/repository/org/apiguardian/apiguardian-api/1.1.2/apiguardian-api-1.1.2.jar:/Users/armangrewal/.m2/repository/org/junit/jupiter/junit-jupiter-params/5.8.2/junit-jupiter-params-5.8.2.jar:/Users/armangrewal/.m2/repository/org/junit/jupiter/junit-jupiter-engine/5.8.2/junit-jupiter-engine-5.8.2.jar:/Users/armangrewal/.m2/repository/org/junit/platform/junit-platform-engine/1.8.2/junit-platform-engine-1.8.2.jar:/Users/armangrewal/.m2/repository/org/mockito/mockito-core/4.5.1/mockito-core-4.5.1.jar:/Users/armangrewal/.m2/repository/net/bytebuddy/byte-buddy/1.12.9/byte-buddy-1.12.9.jar:/Users/armangrewal/.m2/repository/net/bytebuddy/byte-buddy-agent/1.12.9/byte-buddy-agent-1.12.9.jar:/Users/armangrewal/.m2/repository/org/objenesis/objenesis/3.2/objenesis-3.2.jar:/Users/armangrewal/.m2/repository/org/mockito/mockito-junit-jupiter/4.5.1/mockito-junit-jupiter-4.5.1.jar:/Users/armangrewal/.m2/repository/org/skyscreamer/jsonassert/1.5.1/jsonassert-1.5.1.jar:/Users/armangrewal/.m2/repository/com/vaadin/external/google/android-json/0.0.20131108.vaadin1/android-json-0.0.20131108.vaadin1.jar:/Users/armangrewal/.m2/repository/org/springframework/spring-test/5.3.27/spring-test-5.3.27.jar:/Users/armangrewal/.m2/repository/org/xmlunit/xmlunit-core/2.9.1/xmlunit-core-2.9.1.jar:/Users/armangrewal/.m2/repository/org/awaitility/awaitility/4.2.0/awaitility-4.2.0.jar:/Users/armangrewal/.m2/repository/tech/cassandre/trading/bot/cassandre-trading-bot-spring-boot-starter-test/6.0.1/cassandre-trading-bot-spring-boot-starter-test-6.0.1.jar:/Users/armangrewal/.m2/repository/tech/cassandre/trading/bot/cassandre-trading-bot-spring-boot-starter-test-autoconfigure/6.0.1/cassandre-trading-bot-spring-boot-starter-test-autoconfigure-6.0.1.jar:/Users/armangrewal/.m2/repository/org/junit-pioneer/junit-pioneer/2.0.1/junit-pioneer-2.0.1.jar:/Users/armangrewal/.m2/repository/org/junit/platform/junit-platform-launcher/1.9.2/junit-platform-launcher-1.9.2.jar:"/>
    <property name="java.vm.vendor" value="Homebrew"/>
    <property name="sun.arch.data.model" value="64"/>
    <property name="java.vendor.url" value="https://github.com/Homebrew/homebrew-core/issues"/>
    <property name="os.name" value="Mac OS X"/>
    <property name="java.vm.specification.version" value="23"/>
    <property name="sun.java.launcher" value="SUN_STANDARD"/>
    <property name="user.country" value="IN"/>
    <property name="sun.boot.library.path" value="/opt/homebrew/Cellar/openjdk/23.0.2/libexec/openjdk.jdk/Contents/Home/lib"/>
    <property name="sun.java.command" value="/Users/armangrewal/Desktop/Research/trading-bot/target/surefire/surefirebooter11078285534010540349.jar /Users/armangrewal/Desktop/Research/trading-bot/target/surefire 2025-03-25T05-43-02_391-jvmRun1 surefire14673975014581511563tmp surefire_012411792197849570176tmp"/>
    <property name="http.nonProxyHosts" value="local|*.local|169.254/16|*.169.254/16"/>
    <property name="jdk.debug" value="release"/>
    <property name="surefire.test.class.path" value="/Users/armangrewal/Desktop/Research/trading-bot/target/test-classes:/Users/armangrewal/Desktop/Research/trading-bot/target/classes:/Users/armangrewal/.m2/repository/org/springframework/boot/spring-boot-starter/2.7.11/spring-boot-starter-2.7.11.jar:/Users/armangrewal/.m2/repository/org/springframework/boot/spring-boot/2.7.11/spring-boot-2.7.11.jar:/Users/armangrewal/.m2/repository/org/springframework/spring-context/5.3.27/spring-context-5.3.27.jar:/Users/armangrewal/.m2/repository/org/springframework/spring-aop/5.3.27/spring-aop-5.3.27.jar:/Users/armangrewal/.m2/repository/org/springframework/spring-beans/5.3.27/spring-beans-5.3.27.jar:/Users/armangrewal/.m2/repository/org/springframework/spring-expression/5.3.27/spring-expression-5.3.27.jar:/Users/armangrewal/.m2/repository/org/springframework/boot/spring-boot-autoconfigure/2.7.11/spring-boot-autoconfigure-2.7.11.jar:/Users/armangrewal/.m2/repository/org/springframework/boot/spring-boot-starter-logging/2.7.11/spring-boot-starter-logging-2.7.11.jar:/Users/armangrewal/.m2/repository/ch/qos/logback/logback-classic/1.2.12/logback-classic-1.2.12.jar:/Users/armangrewal/.m2/repository/ch/qos/logback/logback-core/1.2.12/logback-core-1.2.12.jar:/Users/armangrewal/.m2/repository/org/apache/logging/log4j/log4j-to-slf4j/2.17.2/log4j-to-slf4j-2.17.2.jar:/Users/armangrewal/.m2/repository/org/apache/logging/log4j/log4j-api/2.17.2/log4j-api-2.17.2.jar:/Users/armangrewal/.m2/repository/org/slf4j/jul-to-slf4j/1.7.36/jul-to-slf4j-1.7.36.jar:/Users/armangrewal/.m2/repository/jakarta/annotation/jakarta.annotation-api/1.3.5/jakarta.annotation-api-1.3.5.jar:/Users/armangrewal/.m2/repository/org/springframework/spring-core/5.3.27/spring-core-5.3.27.jar:/Users/armangrewal/.m2/repository/org/springframework/spring-jcl/5.3.27/spring-jcl-5.3.27.jar:/Users/armangrewal/.m2/repository/org/yaml/snakeyaml/1.30/snakeyaml-1.30.jar:/Users/armangrewal/.m2/repository/org/hsqldb/hsqldb/2.7.1/hsqldb-2.7.1.jar:/Users/armangrewal/.m2/repository/tech/cassandre/trading/bot/cassandre-trading-bot-spring-boot-starter/6.0.1/cassandre-trading-bot-spring-boot-starter-6.0.1.jar:/Users/armangrewal/.m2/repository/tech/cassandre/trading/bot/cassandre-trading-bot-spring-boot-autoconfigure/6.0.1/cassandre-trading-bot-spring-boot-autoconfigure-6.0.1.jar:/Users/armangrewal/.m2/repository/org/springframework/boot/spring-boot-starter-validation/2.7.11/spring-boot-starter-validation-2.7.11.jar:/Users/armangrewal/.m2/repository/org/apache/tomcat/embed/tomcat-embed-el/9.0.74/tomcat-embed-el-9.0.74.jar:/Users/armangrewal/.m2/repository/org/hibernate/validator/hibernate-validator/6.2.5.Final/hibernate-validator-6.2.5.Final.jar:/Users/armangrewal/.m2/repository/jakarta/validation/jakarta.validation-api/2.0.2/jakarta.validation-api-2.0.2.jar:/Users/armangrewal/.m2/repository/org/jboss/logging/jboss-logging/3.4.1.Final/jboss-logging-3.4.1.Final.jar:/Users/armangrewal/.m2/repository/com/fasterxml/classmate/1.5.1/classmate-1.5.1.jar:/Users/armangrewal/.m2/repository/io/projectreactor/reactor-core/3.3.22.RELEASE/reactor-core-3.3.22.RELEASE.jar:/Users/armangrewal/.m2/repository/org/reactivestreams/reactive-streams/1.0.3/reactive-streams-1.0.3.jar:/Users/armangrewal/.m2/repository/org/springframework/boot/spring-boot-starter-aop/2.7.11/spring-boot-starter-aop-2.7.11.jar:/Users/armangrewal/.m2/repository/org/aspectj/aspectjweaver/1.9.7/aspectjweaver-1.9.7.jar:/Users/armangrewal/.m2/repository/org/springframework/boot/spring-boot-starter-data-jpa/2.7.11/spring-boot-starter-data-jpa-2.7.11.jar:/Users/armangrewal/.m2/repository/org/springframework/boot/spring-boot-starter-jdbc/2.7.11/spring-boot-starter-jdbc-2.7.11.jar:/Users/armangrewal/.m2/repository/com/zaxxer/HikariCP/4.0.3/HikariCP-4.0.3.jar:/Users/armangrewal/.m2/repository/org/springframework/spring-jdbc/5.3.27/spring-jdbc-5.3.27.jar:/Users/armangrewal/.m2/repository/jakarta/transaction/jakarta.transaction-api/1.3.3/jakarta.transaction-api-1.3.3.jar:/Users/armangrewal/.m2/repository/jakarta/persistence/jakarta.persistence-api/2.2.3/jakarta.persistence-api-2.2.3.jar:/Users/armangrewal/.m2/repository/org/hibernate/hibernate-core/5.6.15.Final/hibernate-core-5.6.15.Final.jar:/Users/armangrewal/.m2/repository/antlr/antlr/2.7.7/antlr-2.7.7.jar:/Users/armangrewal/.m2/repository/org/jboss/jandex/2.4.2.Final/jandex-2.4.2.Final.jar:/Users/armangrewal/.m2/repository/org/hibernate/common/hibernate-commons-annotations/5.1.2.Final/hibernate-commons-annotations-5.1.2.Final.jar:/Users/armangrewal/.m2/repository/org/glassfish/jaxb/jaxb-runtime/2.3.1/jaxb-runtime-2.3.1.jar:/Users/armangrewal/.m2/repository/org/glassfish/jaxb/txw2/2.3.1/txw2-2.3.1.jar:/Users/armangrewal/.m2/repository/com/sun/istack/istack-commons-runtime/3.0.7/istack-commons-runtime-3.0.7.jar:/Users/armangrewal/.m2/repository/org/jvnet/staxex/stax-ex/1.8/stax-ex-1.8.jar:/Users/armangrewal/.m2/repository/com/sun/xml/fastinfoset/FastInfoset/1.2.15/FastInfoset-1.2.15.jar:/Users/armangrewal/.m2/repository/org/springframework/data/spring-data-jpa/2.7.11/spring-data-jpa-2.7.11.jar:/Users/armangrewal/.m2/repository/org/springframework/data/spring-data-commons/2.7.11/spring-data-commons-2.7.11.jar:/Users/armangrewal/.m2/repository/org/springframework/spring-orm/5.3.27/spring-orm-5.3.27.jar:/Users/armangrewal/.m2/repository/org/springframework/spring-tx/5.3.27/spring-tx-5.3.27.jar:/Users/armangrewal/.m2/repository/org/springframework/spring-aspects/5.3.27/spring-aspects-5.3.27.jar:/Users/armangrewal/.m2/repository/org/liquibase/liquibase-core/4.22.0/liquibase-core-4.22.0.jar:/Users/armangrewal/.m2/repository/org/apache/commons/commons-text/1.10.0/commons-text-1.10.0.jar:/Users/armangrewal/.m2/repository/org/apache/commons/commons-collections4/4.4/commons-collections4-4.4.jar:/Users/armangrewal/.m2/repository/javax/xml/bind/jaxb-api/2.3.1/jaxb-api-2.3.1.jar:/Users/armangrewal/.m2/repository/javax/activation/javax.activation-api/1.2.0/javax.activation-api-1.2.0.jar:/Users/armangrewal/.m2/repository/com/github/vladimir-bukhtoyarov/bucket4j-core/7.6.0/bucket4j-core-7.6.0.jar:/Users/armangrewal/.m2/repository/org/mapstruct/mapstruct/1.5.5.Final/mapstruct-1.5.5.Final.jar:/Users/armangrewal/.m2/repository/com/fasterxml/jackson/dataformat/jackson-dataformat-xml/2.15.0/jackson-dataformat-xml-2.15.0.jar:/Users/armangrewal/.m2/repository/com/fasterxml/jackson/core/jackson-core/2.15.0/jackson-core-2.15.0.jar:/Users/armangrewal/.m2/repository/com/fasterxml/jackson/core/jackson-annotations/2.15.0/jackson-annotations-2.15.0.jar:/Users/armangrewal/.m2/repository/com/fasterxml/jackson/core/jackson-databind/2.15.0/jackson-databind-2.15.0.jar:/Users/armangrewal/.m2/repository/org/codehaus/woodstox/stax2-api/4.2.1/stax2-api-4.2.1.jar:/Users/armangrewal/.m2/repository/com/fasterxml/woodstox/woodstox-core/6.5.1/woodstox-core-6.5.1.jar:/Users/armangrewal/.m2/repository/com/opencsv/opencsv/5.7.1/opencsv-5.7.1.jar:/Users/armangrewal/.m2/repository/commons-beanutils/commons-beanutils/1.9.4/commons-beanutils-1.9.4.jar:/Users/armangrewal/.m2/repository/commons-logging/commons-logging/1.2/commons-logging-1.2.jar:/Users/armangrewal/.m2/repository/commons-collections/commons-collections/3.2.2/commons-collections-3.2.2.jar:/Users/armangrewal/.m2/repository/org/knowm/xchange/xchange-stream-core/5.0.13/xchange-stream-core-5.0.13.jar:/Users/armangrewal/.m2/repository/org/knowm/xchange/xchange-stream-service-core/5.0.13/xchange-stream-service-core-5.0.13.jar:/Users/armangrewal/.m2/repository/io/reactivex/rxjava2/rxjava/2.2.21/rxjava-2.2.21.jar:/Users/armangrewal/.m2/repository/org/knowm/xchange/xchange-stream-service-netty/5.0.13/xchange-stream-service-netty-5.0.13.jar:/Users/armangrewal/.m2/repository/io/netty/netty-all/4.1.73.Final/netty-all-4.1.73.Final.jar:/Users/armangrewal/.m2/repository/io/netty/netty-buffer/4.1.73.Final/netty-buffer-4.1.73.Final.jar:/Users/armangrewal/.m2/repository/io/netty/netty-codec/4.1.73.Final/netty-codec-4.1.73.Final.jar:/Users/armangrewal/.m2/repository/io/netty/netty-codec-dns/4.1.73.Final/netty-codec-dns-4.1.73.Final.jar:/Users/armangrewal/.m2/repository/io/netty/netty-codec-haproxy/4.1.73.Final/netty-codec-haproxy-4.1.73.Final.jar:/Users/armangrewal/.m2/repository/io/netty/netty-codec-http/4.1.73.Final/netty-codec-http-4.1.73.Final.jar:/Users/armangrewal/.m2/repository/io/netty/netty-codec-http2/4.1.73.Final/netty-codec-http2-4.1.73.Final.jar:/Users/armangrewal/.m2/repository/io/netty/netty-codec-memcache/4.1.73.Final/netty-codec-memcache-4.1.73.Final.jar:/Users/armangrewal/.m2/repository/io/netty/netty-codec-mqtt/4.1.73.Final/netty-codec-mqtt-4.1.73.Final.jar:/Users/armangrewal/.m2/repository/io/netty/netty-codec-redis/4.1.73.Final/netty-codec-redis-4.1.73.Final.jar:/Users/armangrewal/.m2/repository/io/netty/netty-codec-smtp/4.1.73.Final/netty-codec-smtp-4.1.73.Final.jar:/Users/armangrewal/.m2/repository/io/netty/netty-codec-socks/4.1.73.Final/netty-codec-socks-4.1.73.Final.jar:/Users/armangrewal/.m2/repository/io/netty/netty-codec-stomp/4.1.73.Final/netty-codec-stomp-4.1.73.Final.jar:/Users/armangrewal/.m2/repository/io/netty/netty-codec-xml/4.1.73.Final/netty-codec-xml-4.1.73.Final.jar:/Users/armangrewal/.m2/repository/io/netty/netty-common/4.1.73.Final/netty-common-4.1.73.Final.jar:/Users/armangrewal/.m2/repository/io/netty/netty-handler/4.1.73.Final/netty-handler-4.1.73.Final.jar:/Users/armangrewal/.m2/repository/io/netty/netty-tcnative-classes/2.0.46.Final/netty-tcnative-classes-2.0.46.Final.jar:/Users/armangrewal/.m2/repository/io/netty/netty-handler-proxy/4.1.73.Final/netty-handler-proxy-4.1.73.Final.jar:/Users/armangrewal/.m2/repository/io/netty/netty-resolver/4.1.73.Final/netty-resolver-4.1.73.Final.jar:/Users/armangrewal/.m2/repository/io/netty/netty-resolver-dns/4.1.73.Final/netty-resolver-dns-4.1.73.Final.jar:/Users/armangrewal/.m2/repository/io/netty/netty-transport/4.1.73.Final/netty-transport-4.1.73.Final.jar:/Users/armangrewal/.m2/repository/io/netty/netty-transport-rxtx/4.1.73.Final/netty-transport-rxtx-4.1.73.Final.jar:/Users/armangrewal/.m2/repository/io/netty/netty-transport-sctp/4.1.73.Final/netty-transport-sctp-4.1.73.Final.jar:/Users/armangrewal/.m2/repository/io/netty/netty-transport-udt/4.1.73.Final/netty-transport-udt-4.1.73.Final.jar:/Users/armangrewal/.m2/repository/io/netty/netty-transport-classes-epoll/4.1.73.Final/netty-transport-classes-epoll-4.1.73.Final.jar:/Users/armangrewal/.m2/repository/io/netty/netty-transport-native-unix-common/4.1.73.Final/netty-transport-native-unix-common-4.1.73.Final.jar:/Users/armangrewal/.m2/repository/io/netty/netty-transport-classes-kqueue/4.1.73.Final/netty-transport-classes-kqueue-4.1.73.Final.jar:/Users/armangrewal/.m2/repository/io/netty/netty-resolver-dns-classes-macos/4.1.73.Final/netty-resolver-dns-classes-macos-4.1.73.Final.jar:/Users/armangrewal/.m2/repository/io/netty/netty-transport-native-epoll/4.1.73.Final/netty-transport-native-epoll-4.1.73.Final-linux-x86_64.jar:/Users/armangrewal/.m2/repository/io/netty/netty-transport-native-epoll/4.1.73.Final/netty-transport-native-epoll-4.1.73.Final-linux-aarch_64.jar:/Users/armangrewal/.m2/repository/io/netty/netty-transport-native-kqueue/4.1.73.Final/netty-transport-native-kqueue-4.1.73.Final-osx-x86_64.jar:/Users/armangrewal/.m2/repository/io/netty/netty-transport-native-kqueue/4.1.73.Final/netty-transport-native-kqueue-4.1.73.Final-osx-aarch_64.jar:/Users/armangrewal/.m2/repository/io/netty/netty-resolver-dns-native-macos/4.1.73.Final/netty-resolver-dns-native-macos-4.1.73.Final-osx-x86_64.jar:/Users/armangrewal/.m2/repository/io/netty/netty-resolver-dns-native-macos/4.1.73.Final/netty-resolver-dns-native-macos-4.1.73.Final-osx-aarch_64.jar:/Users/armangrewal/.m2/repository/org/knowm/xchange/xchange-kucoin/5.0.13/xchange-kucoin-5.0.13.jar:/Users/armangrewal/.m2/repository/org/knowm/xchange/xchange-core/5.0.13/xchange-core-5.0.13.jar:/Users/armangrewal/.m2/repository/com/github/mmazi/rescu/2.1.0/rescu-2.1.0.jar:/Users/armangrewal/.m2/repository/jakarta/ws/rs/jakarta.ws.rs-api/2.1.5/jakarta.ws.rs-api-2.1.5.jar:/Users/armangrewal/.m2/repository/oauth/signpost/signpost-core/1.2.1.2/signpost-core-1.2.1.2.jar:/Users/armangrewal/.m2/repository/org/apache/commons/commons-lang3/3.12.0/commons-lang3-3.12.0.jar:/Users/armangrewal/.m2/repository/io/github/resilience4j/resilience4j-all/1.7.0/resilience4j-all-1.7.0.jar:/Users/armangrewal/.m2/repository/io/vavr/vavr/0.10.2/vavr-0.10.2.jar:/Users/armangrewal/.m2/repository/io/vavr/vavr-match/0.10.2/vavr-match-0.10.2.jar:/Users/armangrewal/.m2/repository/io/github/resilience4j/resilience4j-ratelimiter/1.7.0/resilience4j-ratelimiter-1.7.0.jar:/Users/armangrewal/.m2/repository/io/github/resilience4j/resilience4j-core/1.7.0/resilience4j-core-1.7.0.jar:/Users/armangrewal/.m2/repository/io/github/resilience4j/resilience4j-circuitbreaker/1.7.0/resilience4j-circuitbreaker-1.7.0.jar:/Users/armangrewal/.m2/repository/io/github/resilience4j/resilience4j-bulkhead/1.7.0/resilience4j-bulkhead-1.7.0.jar:/Users/armangrewal/.m2/repository/io/github/resilience4j/resilience4j-retry/1.7.0/resilience4j-retry-1.7.0.jar:/Users/armangrewal/.m2/repository/io/github/resilience4j/resilience4j-cache/1.7.0/resilience4j-cache-1.7.0.jar:/Users/armangrewal/.m2/repository/javax/cache/cache-api/1.1.0/cache-api-1.1.0.jar:/Users/armangrewal/.m2/repository/io/github/resilience4j/resilience4j-timelimiter/1.7.0/resilience4j-timelimiter-1.7.0.jar:/Users/armangrewal/.m2/repository/com/google/guava/guava/31.0.1-jre/guava-31.0.1-jre.jar:/Users/armangrewal/.m2/repository/com/google/guava/failureaccess/1.0.1/failureaccess-1.0.1.jar:/Users/armangrewal/.m2/repository/com/google/guava/listenablefuture/9999.0-empty-to-avoid-conflict-with-guava/listenablefuture-9999.0-empty-to-avoid-conflict-with-guava.jar:/Users/armangrewal/.m2/repository/com/google/code/findbugs/jsr305/3.0.2/jsr305-3.0.2.jar:/Users/armangrewal/.m2/repository/org/checkerframework/checker-qual/3.12.0/checker-qual-3.12.0.jar:/Users/armangrewal/.m2/repository/com/google/errorprone/error_prone_annotations/2.7.1/error_prone_annotations-2.7.1.jar:/Users/armangrewal/.m2/repository/com/google/j2objc/j2objc-annotations/1.3/j2objc-annotations-1.3.jar:/Users/armangrewal/.m2/repository/org/slf4j/slf4j-api/1.7.33/slf4j-api-1.7.33.jar:/Users/armangrewal/.m2/repository/javax/annotation/javax.annotation-api/1.3.2/javax.annotation-api-1.3.2.jar:/Users/armangrewal/.m2/repository/org/knowm/xchange/xchange-simulated/5.0.13/xchange-simulated-5.0.13.jar:/Users/armangrewal/.m2/repository/tech/cassandre/trading/bot/cassandre-trading-bot-spring-boot-starter-api-graphql/6.0.1/cassandre-trading-bot-spring-boot-starter-api-graphql-6.0.1.jar:/Users/armangrewal/.m2/repository/tech/cassandre/trading/bot/cassandre-trading-bot-spring-boot-starter-api-graphql-autoconfigure/6.0.1/cassandre-trading-bot-spring-boot-starter-api-graphql-autoconfigure-6.0.1.jar:/Users/armangrewal/.m2/repository/org/springframework/boot/spring-boot-starter-security/2.7.11/spring-boot-starter-security-2.7.11.jar:/Users/armangrewal/.m2/repository/org/springframework/security/spring-security-config/5.7.8/spring-security-config-5.7.8.jar:/Users/armangrewal/.m2/repository/org/springframework/security/spring-security-core/5.7.8/spring-security-core-5.7.8.jar:/Users/armangrewal/.m2/repository/org/springframework/security/spring-security-crypto/5.7.8/spring-security-crypto-5.7.8.jar:/Users/armangrewal/.m2/repository/org/springframework/security/spring-security-web/5.7.8/spring-security-web-5.7.8.jar:/Users/armangrewal/.m2/repository/org/springframework/boot/spring-boot-starter-web/2.7.11/spring-boot-starter-web-2.7.11.jar:/Users/armangrewal/.m2/repository/org/springframework/boot/spring-boot-starter-json/2.7.11/spring-boot-starter-json-2.7.11.jar:/Users/armangrewal/.m2/repository/org/springframework/boot/spring-boot-starter-tomcat/2.7.11/spring-boot-starter-tomcat-2.7.11.jar:/Users/armangrewal/.m2/repository/org/apache/tomcat/embed/tomcat-embed-core/9.0.74/tomcat-embed-core-9.0.74.jar:/Users/armangrewal/.m2/repository/org/apache/tomcat/embed/tomcat-embed-websocket/9.0.74/tomcat-embed-websocket-9.0.74.jar:/Users/armangrewal/.m2/repository/org/springframework/spring-web/5.3.27/spring-web-5.3.27.jar:/Users/armangrewal/.m2/repository/org/springframework/spring-webmvc/5.3.27/spring-webmvc-5.3.27.jar:/Users/armangrewal/.m2/repository/com/netflix/graphql/dgs/graphql-dgs-spring-boot-starter/5.3.0/graphql-dgs-spring-boot-starter-5.3.0.jar:/Users/armangrewal/.m2/repository/com/netflix/graphql/dgs/graphql-dgs-spring-boot-oss-autoconfigure/5.3.0/graphql-dgs-spring-boot-oss-autoconfigure-5.3.0.jar:/Users/armangrewal/.m2/repository/com/netflix/graphql/dgs/graphql-dgs-spring-webmvc/5.3.0/graphql-dgs-spring-webmvc-5.3.0.jar:/Users/armangrewal/.m2/repository/com/netflix/graphql/dgs/graphql-dgs-spring-webmvc-autoconfigure/5.3.0/graphql-dgs-spring-webmvc-autoconfigure-5.3.0.jar:/Users/armangrewal/.m2/repository/jakarta/servlet/jakarta.servlet-api/4.0.4/jakarta.servlet-api-4.0.4.jar:/Users/armangrewal/.m2/repository/com/netflix/graphql/dgs/graphql-error-types/5.3.0/graphql-error-types-5.3.0.jar:/Users/armangrewal/.m2/repository/org/jetbrains/kotlin/kotlin-stdlib-jdk8/1.6.21/kotlin-stdlib-jdk8-1.6.21.jar:/Users/armangrewal/.m2/repository/org/jetbrains/kotlin/kotlin-stdlib/1.6.21/kotlin-stdlib-1.6.21.jar:/Users/armangrewal/.m2/repository/org/jetbrains/kotlin/kotlin-stdlib-common/1.6.21/kotlin-stdlib-common-1.6.21.jar:/Users/armangrewal/.m2/repository/org/jetbrains/annotations/13.0/annotations-13.0.jar:/Users/armangrewal/.m2/repository/org/jetbrains/kotlin/kotlin-stdlib-jdk7/1.6.21/kotlin-stdlib-jdk7-1.6.21.jar:/Users/armangrewal/.m2/repository/org/springframework/boot/spring-boot-starter-websocket/2.6.7/spring-boot-starter-websocket-2.6.7.jar:/Users/armangrewal/.m2/repository/org/springframework/spring-messaging/5.3.19/spring-messaging-5.3.19.jar:/Users/armangrewal/.m2/repository/org/springframework/spring-websocket/5.3.19/spring-websocket-5.3.19.jar:/Users/armangrewal/.m2/repository/com/netflix/graphql/dgs/graphql-dgs-client/5.3.0/graphql-dgs-client-5.3.0.jar:/Users/armangrewal/.m2/repository/com/netflix/graphql/dgs/graphql-dgs-subscription-types/5.3.0/graphql-dgs-subscription-types-5.3.0.jar:/Users/armangrewal/.m2/repository/org/springframework/spring-webflux/5.3.19/spring-webflux-5.3.19.jar:/Users/armangrewal/.m2/repository/com/fasterxml/jackson/module/jackson-module-kotlin/2.13.2/jackson-module-kotlin-2.13.2.jar:/Users/armangrewal/.m2/repository/org/jetbrains/kotlin/kotlin-reflect/1.5.30/kotlin-reflect-1.5.30.jar:/Users/armangrewal/.m2/repository/com/fasterxml/jackson/datatype/jackson-datatype-jsr310/2.13.2/jackson-datatype-jsr310-2.13.2.jar:/Users/armangrewal/.m2/repository/com/fasterxml/jackson/module/jackson-module-parameter-names/2.13.2/jackson-module-parameter-names-2.13.2.jar:/Users/armangrewal/.m2/repository/com/fasterxml/jackson/datatype/jackson-datatype-jdk8/2.13.2/jackson-datatype-jdk8-2.13.2.jar:/Users/armangrewal/.m2/repository/com/graphql-java/graphql-java/18.3/graphql-java-18.3.jar:/Users/armangrewal/.m2/repository/com/graphql-java/java-dataloader/3.1.2/java-dataloader-3.1.2.jar:/Users/armangrewal/.m2/repository/org/antlr/antlr4-runtime/4.9.3/antlr4-runtime-4.9.3.jar:/Users/armangrewal/.m2/repository/com/netflix/graphql/dgs/graphql-dgs-mocking/5.3.0/graphql-dgs-mocking-5.3.0.jar:/Users/armangrewal/.m2/repository/net/datafaker/datafaker/1.4.0/datafaker-1.4.0.jar:/Users/armangrewal/.m2/repository/com/github/mifmif/generex/1.0.2/generex-1.0.2.jar:/Users/armangrewal/.m2/repository/dk/brics/automaton/automaton/1.11-8/automaton-1.11-8.jar:/Users/armangrewal/.m2/repository/com/apollographql/federation/federation-graphql-java-support/2.0.0/federation-graphql-java-support-2.0.0.jar:/Users/armangrewal/.m2/repository/com/apollographql/federation/federation-graphql-java-support-api/2.0.0/federation-graphql-java-support-api-2.0.0.jar:/Users/armangrewal/.m2/repository/com/google/protobuf/protobuf-java/3.19.4/protobuf-java-3.19.4.jar:/Users/armangrewal/.m2/repository/com/netflix/graphql/dgs/graphql-dgs-extended-scalars/5.3.0/graphql-dgs-extended-scalars-5.3.0.jar:/Users/armangrewal/.m2/repository/com/netflix/graphql/dgs/graphql-dgs/5.3.0/graphql-dgs-5.3.0.jar:/Users/armangrewal/.m2/repository/org/jetbrains/kotlinx/kotlinx-coroutines-core/1.5.2/kotlinx-coroutines-core-1.5.2.jar:/Users/armangrewal/.m2/repository/org/jetbrains/kotlinx/kotlinx-coroutines-core-jvm/1.5.2/kotlinx-coroutines-core-jvm-1.5.2.jar:/Users/armangrewal/.m2/repository/org/jetbrains/kotlinx/kotlinx-coroutines-jdk8/1.5.2/kotlinx-coroutines-jdk8-1.5.2.jar:/Users/armangrewal/.m2/repository/org/jetbrains/kotlinx/kotlinx-coroutines-reactor/1.5.2/kotlinx-coroutines-reactor-1.5.2.jar:/Users/armangrewal/.m2/repository/org/jetbrains/kotlinx/kotlinx-coroutines-reactive/1.5.2/kotlinx-coroutines-reactive-1.5.2.jar:/Users/armangrewal/.m2/repository/com/graphql-java/graphql-java-extended-scalars/18.1/graphql-java-extended-scalars-18.1.jar:/Users/armangrewal/.m2/repository/org/springframework/boot/spring-boot-starter-test/2.7.11/spring-boot-starter-test-2.7.11.jar:/Users/armangrewal/.m2/repository/org/springframework/boot/spring-boot-test/2.7.11/spring-boot-test-2.7.11.jar:/Users/armangrewal/.m2/repository/org/springframework/boot/spring-boot-test-autoconfigure/2.7.11/spring-boot-test-autoconfigure-2.7.11.jar:/Users/armangrewal/.m2/repository/com/jayway/jsonpath/json-path/2.7.0/json-path-2.7.0.jar:/Users/armangrewal/.m2/repository/net/minidev/json-smart/2.4.7/json-smart-2.4.7.jar:/Users/armangrewal/.m2/repository/net/minidev/accessors-smart/2.4.7/accessors-smart-2.4.7.jar:/Users/armangrewal/.m2/repository/org/ow2/asm/asm/9.1/asm-9.1.jar:/Users/armangrewal/.m2/repository/jakarta/xml/bind/jakarta.xml.bind-api/2.3.3/jakarta.xml.bind-api-2.3.3.jar:/Users/armangrewal/.m2/repository/jakarta/activation/jakarta.activation-api/1.2.2/jakarta.activation-api-1.2.2.jar:/Users/armangrewal/.m2/repository/org/assertj/assertj-core/3.22.0/assertj-core-3.22.0.jar:/Users/armangrewal/.m2/repository/org/hamcrest/hamcrest/2.2/hamcrest-2.2.jar:/Users/armangrewal/.m2/repository/org/junit/jupiter/junit-jupiter/5.8.2/junit-jupiter-5.8.2.jar:/Users/armangrewal/.m2/repository/org/junit/jupiter/junit-jupiter-api/5.8.2/junit-jupiter-api-5.8.2.jar:/Users/armangrewal/.m2/repository/org/opentest4j/opentest4j/1.2.0/opentest4j-1.2.0.jar:/Users/armangrewal/.m2/repository/org/junit/platform/junit-platform-commons/1.8.2/junit-platform-commons-1.8.2.jar:/Users/armangrewal/.m2/repository/org/apiguardian/apiguardian-api/1.1.2/apiguardian-api-1.1.2.jar:/Users/armangrewal/.m2/repository/org/junit/jupiter/junit-jupiter-params/5.8.2/junit-jupiter-params-5.8.2.jar:/Users/armangrewal/.m2/repository/org/junit/jupiter/junit-jupiter-engine/5.8.2/junit-jupiter-engine-5.8.2.jar:/Users/armangrewal/.m2/repository/org/junit/platform/junit-platform-engine/1.8.2/junit-platform-engine-1.8.2.jar:/Users/armangrewal/.m2/repository/org/mockito/mockito-core/4.5.1/mockito-core-4.5.1.jar:/Users/armangrewal/.m2/repository/net/bytebuddy/byte-buddy/1.12.9/byte-buddy-1.12.9.jar:/Users/armangrewal/.m2/repository/net/bytebuddy/byte-buddy-agent/1.12.9/byte-buddy-agent-1.12.9.jar:/Users/armangrewal/.m2/repository/org/objenesis/objenesis/3.2/objenesis-3.2.jar:/Users/armangrewal/.m2/repository/org/mockito/mockito-junit-jupiter/4.5.1/mockito-junit-jupiter-4.5.1.jar:/Users/armangrewal/.m2/repository/org/skyscreamer/jsonassert/1.5.1/jsonassert-1.5.1.jar:/Users/armangrewal/.m2/repository/com/vaadin/external/google/android-json/0.0.20131108.vaadin1/android-json-0.0.20131108.vaadin1.jar:/Users/armangrewal/.m2/repository/org/springframework/spring-test/5.3.27/spring-test-5.3.27.jar:/Users/armangrewal/.m2/repository/org/xmlunit/xmlunit-core/2.9.1/xmlunit-core-2.9.1.jar:/Users/armangrewal/.m2/repository/org/awaitility/awaitility/4.2.0/awaitility-4.2.0.jar:/Users/armangrewal/.m2/repository/tech/cassandre/trading/bot/cassandre-trading-bot-spring-boot-starter-test/6.0.1/cassandre-trading-bot-spring-boot-starter-test-6.0.1.jar:/Users/armangrewal/.m2/repository/tech/cassandre/trading/bot/cassandre-trading-bot-spring-boot-starter-test-autoconfigure/6.0.1/cassandre-trading-bot-spring-boot-starter-test-autoconfigure-6.0.1.jar:/Users/armangrewal/.m2/repository/org/junit-pioneer/junit-pioneer/2.0.1/junit-pioneer-2.0.1.jar:/Users/armangrewal/.m2/repository/org/junit/platform/junit-platform-launcher/1.9.2/junit-platform-launcher-1.9.2.jar:"/>
    <property name="sun.cpu.endian" value="little"/>
    <property name="user.home" value="/Users/armangrewal"/>
    <property name="user.language" value="en"/>
    <property name="java.specification.vendor" value="Oracle Corporation"/>
    <property name="java.version.date" value="2025-01-21"/>
    <property name="java.home" value="/opt/homebrew/Cellar/openjdk/23.0.2/libexec/openjdk.jdk/Contents/Home"/>
    <property name="file.separator" value="/"/>
    <property name="basedir" value="/Users/armangrewal/Desktop/Research/trading-bot"/>
    <property name="java.vm.compressedOopsMode" value="Zero based"/>
    <property name="line.separator" value="&#10;"/>
    <property name="java.vm.specification.vendor" value="Oracle Corporation"/>
    <property name="java.specification.name" value="Java Platform API Specification"/>
    <property name="apple.awt.application.name" value="ForkedBooter"/>
    <property name="surefire.real.class.path" value="/Users/armangrewal/Desktop/Research/trading-bot/target/surefire/surefirebooter11078285534010540349.jar"/>
    <property name="sun.management.compiler" value="HotSpot 64-Bit Tiered Compilers"/>
    <property name="ftp.nonProxyHosts" value="local|*.local|169.254/16|*.169.254/16"/>
    <property name="java.runtime.version" value="23.0.2"/>
    <property name="user.name" value="armangrewal"/>
    <property name="stdout.encoding" value="UTF-8"/>
    <property name="path.separator" value=":"/>
    <property name="os.version" value="15.3.2"/>
    <property name="java.runtime.name" value="OpenJDK Runtime Environment"/>
    <property name="file.encoding" value="UTF-8"/>
    <property name="java.vm.name" value="OpenJDK 64-Bit Server VM"/>
    <property name="java.vendor.version" value="Homebrew"/>
    <property name="localRepository" value="/Users/armangrewal/.m2/repository"/>
    <property name="java.vendor.url.bug" value="https://github.com/Homebrew/homebrew-core/issues"/>
    <property name="java.io.tmpdir" value="/var/folders/vf/3kvlfy4x5ls1s64fxvnlksgm0000gn/T/"/>
    <property name="java.version" value="23.0.2"/>
    <property name="user.dir" value="/Users/armangrewal/Desktop/Research/trading-bot"/>
    <property name="os.arch" value="aarch64"/>
    <property name="java.vm.specification.name" value="Java Virtual Machine Specification"/>
    <property name="native.encoding" value="UTF-8"/>
    <property name="java.library.path" value="/Users/armangrewal/Library/Java/Extensions:/Library/Java/Extensions:/Network/Library/Java/Extensions:/System/Library/Java/Extensions:/usr/lib/java:."/>
    <property name="java.vm.info" value="mixed mode, sharing"/>
    <property name="stderr.encoding" value="UTF-8"/>
    <property name="java.vendor" value="Homebrew"/>
    <property name="java.vm.version" value="23.0.2"/>
    <property name="sun.io.unicode.encoding" value="UnicodeBig"/>
    <property name="socksNonProxyHosts" value="local|*.local|169.254/16|*.169.254/16"/>
    <property name="java.class.version" value="67.0"/>
  </properties>
  <testcase name="checkStrategy" classname="com.armangrewal007.tradingbot.SimpleStrategyTest" time="0.149">
    <failure message="Failure, no gains ==&gt; expected: &lt;false&gt; but was: &lt;true&gt;" type="org.opentest4j.AssertionFailedError"><![CDATA[org.opentest4j.AssertionFailedError: Failure, no gains ==> expected: <false> but was: <true>
	at com.armangrewal007.tradingbot.SimpleStrategyTest.checkStrategy(SimpleStrategyTest.java:64)
]]></failure>
    <system-out><![CDATA[05:43:02.836 [main] DEBUG org.springframework.test.context.BootstrapUtils - Instantiating CacheAwareContextLoaderDelegate from class [org.springframework.test.context.cache.DefaultCacheAwareContextLoaderDelegate]
05:43:02.842 [main] DEBUG org.springframework.test.context.BootstrapUtils - Instantiating BootstrapContext using constructor [public org.springframework.test.context.support.DefaultBootstrapContext(java.lang.Class,org.springframework.test.context.CacheAwareContextLoaderDelegate)]
05:43:02.857 [main] DEBUG org.springframework.test.context.BootstrapUtils - Instantiating TestContextBootstrapper for test class [com.armangrewal007.tradingbot.SimpleStrategyTest] from class [org.springframework.boot.test.context.SpringBootTestContextBootstrapper]
05:43:02.865 [main] INFO org.springframework.boot.test.context.SpringBootTestContextBootstrapper - Neither @ContextConfiguration nor @ContextHierarchy found for test class [com.armangrewal007.tradingbot.SimpleStrategyTest], using SpringBootContextLoader
05:43:02.867 [main] DEBUG org.springframework.test.context.support.AbstractContextLoader - Did not detect default resource location for test class [com.armangrewal007.tradingbot.SimpleStrategyTest]: class path resource [com/armangrewal007/tradingbot/SimpleStrategyTest-context.xml] does not exist
05:43:02.867 [main] DEBUG org.springframework.test.context.support.AbstractContextLoader - Did not detect default resource location for test class [com.armangrewal007.tradingbot.SimpleStrategyTest]: class path resource [com/armangrewal007/tradingbot/SimpleStrategyTestContext.groovy] does not exist
05:43:02.867 [main] INFO org.springframework.test.context.support.AbstractContextLoader - Could not detect default resource locations for test class [com.armangrewal007.tradingbot.SimpleStrategyTest]: no resource found for suffixes {-context.xml, Context.groovy}.
05:43:02.867 [main] INFO org.springframework.test.context.support.AnnotationConfigContextLoaderUtils - Could not detect default configuration classes for test class [com.armangrewal007.tradingbot.SimpleStrategyTest]: SimpleStrategyTest does not declare any static, non-private, non-final, nested classes annotated with @Configuration.
05:43:02.887 [main] DEBUG org.springframework.test.context.support.ActiveProfilesUtils - Could not find an 'annotation declaring class' for annotation type [org.springframework.test.context.ActiveProfiles] and class [com.armangrewal007.tradingbot.SimpleStrategyTest]
05:43:02.914 [main] DEBUG org.springframework.context.annotation.ClassPathScanningCandidateComponentProvider - Identified candidate component class: file [/Users/armangrewal/Desktop/Research/trading-bot/target/classes/com/armangrewal007/tradingbot/Application.class]
05:43:02.915 [main] INFO org.springframework.boot.test.context.SpringBootTestContextBootstrapper - Found @SpringBootConfiguration com.armangrewal007.tradingbot.Application for test class com.armangrewal007.tradingbot.SimpleStrategyTest
05:43:02.952 [main] DEBUG org.springframework.boot.test.context.SpringBootTestContextBootstrapper - @TestExecutionListeners is not present for class [com.armangrewal007.tradingbot.SimpleStrategyTest]: using defaults.
05:43:02.952 [main] INFO org.springframework.boot.test.context.SpringBootTestContextBootstrapper - Loaded default TestExecutionListener class names from location [META-INF/spring.factories]: [org.springframework.boot.test.mock.mockito.MockitoTestExecutionListener, org.springframework.boot.test.mock.mockito.ResetMocksTestExecutionListener, org.springframework.boot.test.autoconfigure.restdocs.RestDocsTestExecutionListener, org.springframework.boot.test.autoconfigure.web.client.MockRestServiceServerResetTestExecutionListener, org.springframework.boot.test.autoconfigure.web.servlet.MockMvcPrintOnlyOnFailureTestExecutionListener, org.springframework.boot.test.autoconfigure.web.servlet.WebDriverTestExecutionListener, org.springframework.boot.test.autoconfigure.webservices.client.MockWebServiceServerTestExecutionListener, org.springframework.test.context.web.ServletTestExecutionListener, org.springframework.test.context.support.DirtiesContextBeforeModesTestExecutionListener, org.springframework.test.context.event.ApplicationEventsTestExecutionListener, org.springframework.test.context.support.DependencyInjectionTestExecutionListener, org.springframework.test.context.support.DirtiesContextTestExecutionListener, org.springframework.test.context.transaction.TransactionalTestExecutionListener, org.springframework.test.context.jdbc.SqlScriptsTestExecutionListener, org.springframework.test.context.event.EventPublishingTestExecutionListener]
05:43:02.960 [main] INFO org.springframework.boot.test.context.SpringBootTestContextBootstrapper - Using TestExecutionListeners: [org.springframework.test.context.web.ServletTestExecutionListener@71454b9d, org.springframework.test.context.support.DirtiesContextBeforeModesTestExecutionListener@eda25e5, org.springframework.test.context.event.ApplicationEventsTestExecutionListener@7cf6a5f9, org.springframework.boot.test.mock.mockito.MockitoTestExecutionListener@623e088f, org.springframework.boot.test.autoconfigure.SpringBootDependencyInjectionTestExecutionListener@39fcbef6, org.springframework.test.context.support.DirtiesContextTestExecutionListener@66565121, org.springframework.test.context.transaction.TransactionalTestExecutionListener@2fc6f97f, org.springframework.test.context.jdbc.SqlScriptsTestExecutionListener@3d2ee678, org.springframework.test.context.event.EventPublishingTestExecutionListener@6179e425, org.springframework.boot.test.mock.mockito.ResetMocksTestExecutionListener@35f26e72, org.springframework.boot.test.autoconfigure.restdocs.RestDocsTestExecutionListener@2d6764b2, org.springframework.boot.test.autoconfigure.web.client.MockRestServiceServerResetTestExecutionListener@67304a40, org.springframework.boot.test.autoconfigure.web.servlet.MockMvcPrintOnlyOnFailureTestExecutionListener@49c6c24f, org.springframework.boot.test.autoconfigure.web.servlet.WebDriverTestExecutionListener@6fe1b4fb, org.springframework.boot.test.autoconfigure.webservices.client.MockWebServiceServerTestExecutionListener@79351f41]
05:43:02.962 [main] DEBUG org.springframework.test.context.support.AbstractDirtiesContextTestExecutionListener - Before test class: context [DefaultTestContext@69653e16 testClass = SimpleStrategyTest, testInstance = [null], testMethod = [null], testException = [null], mergedContextConfiguration = [WebMergedContextConfiguration@758705fa testClass = SimpleStrategyTest, locations = '{}', classes = '{class com.armangrewal007.tradingbot.Application}', contextInitializerClasses = '[]', activeProfiles = '{}', propertySourceLocations = '{}', propertySourceProperties = '{org.springframework.boot.test.context.SpringBootTestContextBootstrapper=true}', contextCustomizers = set[[ImportsContextCustomizer@ebaa6cb key = [tech.cassandre.trading.bot.test.mock.TickerFluxMock]], org.springframework.boot.test.context.filter.ExcludeFilterContextCustomizer@eadd4fb, org.springframework.boot.test.json.DuplicateJsonObjectContextCustomizerFactory$DuplicateJsonObjectContextCustomizer@2a8448fa, org.springframework.boot.test.mock.mockito.MockitoContextCustomizer@0, org.springframework.boot.test.web.client.TestRestTemplateContextCustomizer@4b8d604b, org.springframework.boot.test.autoconfigure.actuate.metrics.MetricsExportContextCustomizerFactory$DisableMetricExportContextCustomizer@1c742ed4, org.springframework.boot.test.autoconfigure.properties.PropertyMappingContextCustomizer@0, org.springframework.boot.test.autoconfigure.web.servlet.WebDriverContextCustomizerFactory$Customizer@210ab13f, org.springframework.boot.test.context.SpringBootTestArgs@1, org.springframework.boot.test.context.SpringBootTestWebEnvironment@797badd3], resourceBasePath = 'src/main/webapp', contextLoader = 'org.springframework.boot.test.context.SpringBootContextLoader', parent = [null]], attributes = map['org.springframework.test.context.web.ServletTestExecutionListener.activateListener' -> true]], class annotated with @DirtiesContext [false] with mode [null].

  .   ____          _            __ _ _
 /\\ / ___'_ __ _ _(_)_ __  __ _ \ \ \ \
( ( )\___ | '_ | '_| | '_ \/ _` | \ \ \ \
 \\/  ___)| |_)| | | | | || (_| |  ) ) ) )
  '  |____| .__|_| |_|_| |_\__, | / / / /
 =========|_|==============|___/=/_/_/_/
&amp#27;[32m :: Spring Boot :: &amp#27;[39m             &amp#27;[2m (v2.7.11)&amp#27;[0;39m

&amp#27;[2m2025-03-25 05:43:03.082&amp#27;[0;39m &amp#27;[32m INFO&amp#27;[0;39m &amp#27;[35m94332&amp#27;[0;39m &amp#27;[2m---&amp#27;[0;39m &amp#27;[2m[           main]&amp#27;[0;39m &amp#27;[36mc.a.tradingbot.SimpleStrategyTest       &amp#27;[0;39m &amp#27;[2m:&amp#27;[0;39m Starting SimpleStrategyTest using Java 23.0.2 on Armans-MacBook-Air.local with PID 94332 (started by armangrewal in /Users/armangrewal/Desktop/Research/trading-bot)
&amp#27;[2m2025-03-25 05:43:03.083&amp#27;[0;39m &amp#27;[32m INFO&amp#27;[0;39m &amp#27;[35m94332&amp#27;[0;39m &amp#27;[2m---&amp#27;[0;39m &amp#27;[2m[           main]&amp#27;[0;39m &amp#27;[36mc.a.tradingbot.SimpleStrategyTest       &amp#27;[0;39m &amp#27;[2m:&amp#27;[0;39m No active profile set, falling back to 1 default profile: "default"
&amp#27;[2m2025-03-25 05:43:03.522&amp#27;[0;39m &amp#27;[32m INFO&amp#27;[0;39m &amp#27;[35m94332&amp#27;[0;39m &amp#27;[2m---&amp#27;[0;39m &amp#27;[2m[           main]&amp#27;[0;39m &amp#27;[36m.s.d.r.c.RepositoryConfigurationDelegate&amp#27;[0;39m &amp#27;[2m:&amp#27;[0;39m Bootstrapping Spring Data JPA repositories in DEFAULT mode.
&amp#27;[2m2025-03-25 05:43:03.529&amp#27;[0;39m &amp#27;[32m INFO&amp#27;[0;39m &amp#27;[35m94332&amp#27;[0;39m &amp#27;[2m---&amp#27;[0;39m &amp#27;[2m[           main]&amp#27;[0;39m &amp#27;[36m.s.d.r.c.RepositoryConfigurationDelegate&amp#27;[0;39m &amp#27;[2m:&amp#27;[0;39m Finished Spring Data repository scanning in 3 ms. Found 0 JPA repository interfaces.
&amp#27;[2m2025-03-25 05:43:03.579&amp#27;[0;39m &amp#27;[32m INFO&amp#27;[0;39m &amp#27;[35m94332&amp#27;[0;39m &amp#27;[2m---&amp#27;[0;39m &amp#27;[2m[           main]&amp#27;[0;39m &amp#27;[36m.s.d.r.c.RepositoryConfigurationDelegate&amp#27;[0;39m &amp#27;[2m:&amp#27;[0;39m Bootstrapping Spring Data JPA repositories in DEFAULT mode.
&amp#27;[2m2025-03-25 05:43:03.686&amp#27;[0;39m &amp#27;[32m INFO&amp#27;[0;39m &amp#27;[35m94332&amp#27;[0;39m &amp#27;[2m---&amp#27;[0;39m &amp#27;[2m[           main]&amp#27;[0;39m &amp#27;[36m.s.d.r.c.RepositoryConfigurationDelegate&amp#27;[0;39m &amp#27;[2m:&amp#27;[0;39m Finished Spring Data repository scanning in 106 ms. Found 7 JPA repository interfaces.
&amp#27;[2m2025-03-25 05:43:04.014&amp#27;[0;39m &amp#27;[32m INFO&amp#27;[0;39m &amp#27;[35m94332&amp#27;[0;39m &amp#27;[2m---&amp#27;[0;39m &amp#27;[2m[           main]&amp#27;[0;39m &amp#27;[36mcom.zaxxer.hikari.HikariDataSource      &amp#27;[0;39m &amp#27;[2m:&amp#27;[0;39m HikariPool-1 - Starting...
&amp#27;[2m2025-03-25 05:43:04.196&amp#27;[0;39m &amp#27;[32m INFO&amp#27;[0;39m &amp#27;[35m94332&amp#27;[0;39m &amp#27;[2m---&amp#27;[0;39m &amp#27;[2m[           main]&amp#27;[0;39m &amp#27;[36mcom.zaxxer.hikari.pool.PoolBase         &amp#27;[0;39m &amp#27;[2m:&amp#27;[0;39m HikariPool-1 - Driver does not support get/set network timeout for connections. (feature not supported)
&amp#27;[2m2025-03-25 05:43:04.196&amp#27;[0;39m &amp#27;[32m INFO&amp#27;[0;39m &amp#27;[35m94332&amp#27;[0;39m &amp#27;[2m---&amp#27;[0;39m &amp#27;[2m[           main]&amp#27;[0;39m &amp#27;[36mcom.zaxxer.hikari.HikariDataSource      &amp#27;[0;39m &amp#27;[2m:&amp#27;[0;39m HikariPool-1 - Start completed.
&amp#27;[2m2025-03-25 05:43:04.226&amp#27;[0;39m &amp#27;[32m INFO&amp#27;[0;39m &amp#27;[35m94332&amp#27;[0;39m &amp#27;[2m---&amp#27;[0;39m &amp#27;[2m[           main]&amp#27;[0;39m &amp#27;[36mliquibase.database                      &amp#27;[0;39m &amp#27;[2m:&amp#27;[0;39m Set default schema name to PUBLIC
&amp#27;[2m2025-03-25 05:43:04.320&amp#27;[0;39m &amp#27;[32m INFO&amp#27;[0;39m &amp#27;[35m94332&amp#27;[0;39m &amp#27;[2m---&amp#27;[0;39m &amp#27;[2m[           main]&amp#27;[0;39m &amp#27;[36mliquibase.lockservice                   &amp#27;[0;39m &amp#27;[2m:&amp#27;[0;39m Successfully acquired change log lock
&amp#27;[2m2025-03-25 05:43:04.333&amp#27;[0;39m &amp#27;[33m WARN&amp#27;[0;39m &amp#27;[35m94332&amp#27;[0;39m &amp#27;[2m---&amp#27;[0;39m &amp#27;[2m[           main]&amp#27;[0;39m &amp#27;[36mliquibase.util                          &amp#27;[0;39m &amp#27;[2m:&amp#27;[0;39m Failed to perform a method call for SnakeYaml because the version of SnakeYaml being used is too old. Consider upgrading to a SnakeYaml version equal to or newer than 1.32, by downloading and installing a newer version of Liquibase (which includes a newer version of SnakeYaml). Loading particularly large JSON and YAML documents (like snapshots) in Liquibase may fail if SnakeYaml is not upgraded.
&amp#27;[2m2025-03-25 05:43:04.553&amp#27;[0;39m &amp#27;[32m INFO&amp#27;[0;39m &amp#27;[35m94332&amp#27;[0;39m &amp#27;[2m---&amp#27;[0;39m &amp#27;[2m[           main]&amp#27;[0;39m &amp#27;[36mliquibase.changelog                     &amp#27;[0;39m &amp#27;[2m:&amp#27;[0;39m Creating database history table with name: PUBLIC.DATABASECHANGELOG
&amp#27;[2m2025-03-25 05:43:04.555&amp#27;[0;39m &amp#27;[32m INFO&amp#27;[0;39m &amp#27;[35m94332&amp#27;[0;39m &amp#27;[2m---&amp#27;[0;39m &amp#27;[2m[           main]&amp#27;[0;39m &amp#27;[36mliquibase.changelog                     &amp#27;[0;39m &amp#27;[2m:&amp#27;[0;39m Reading from PUBLIC.DATABASECHANGELOG
&amp#27;[2m2025-03-25 05:43:04.704&amp#27;[0;39m &amp#27;[32m INFO&amp#27;[0;39m &amp#27;[35m94332&amp#27;[0;39m &amp#27;[2m---&amp#27;[0;39m &amp#27;[2m[           main]&amp#27;[0;39m &amp#27;[36mliquibase.command                       &amp#27;[0;39m &amp#27;[2m:&amp#27;[0;39m Using deploymentId: 2861584557
&amp#27;[2m2025-03-25 05:43:04.710&amp#27;[0;39m &amp#27;[32m INFO&amp#27;[0;39m &amp#27;[35m94332&amp#27;[0;39m &amp#27;[2m---&amp#27;[0;39m &amp#27;[2m[           main]&amp#27;[0;39m &amp#27;[36mliquibase.changelog                     &amp#27;[0;39m &amp#27;[2m:&amp#27;[0;39m Reading from PUBLIC.DATABASECHANGELOG
Running Changeset: db/changelog/db.changelog-4.0.0.xml::changelog-4.0.0::straumat
&amp#27;[2m2025-03-25 05:43:04.748&amp#27;[0;39m &amp#27;[32m INFO&amp#27;[0;39m &amp#27;[35m94332&amp#27;[0;39m &amp#27;[2m---&amp#27;[0;39m &amp#27;[2m[           main]&amp#27;[0;39m &amp#27;[36mliquibase.changelog                     &amp#27;[0;39m &amp#27;[2m:&amp#27;[0;39m Table EXCHANGE_ACCOUNTS created
&amp#27;[2m2025-03-25 05:43:04.749&amp#27;[0;39m &amp#27;[32m INFO&amp#27;[0;39m &amp#27;[35m94332&amp#27;[0;39m &amp#27;[2m---&amp#27;[0;39m &amp#27;[2m[           main]&amp#27;[0;39m &amp#27;[36mliquibase.changelog                     &amp#27;[0;39m &amp#27;[2m:&amp#27;[0;39m Auto-increment added to EXCHANGE_ACCOUNTS.ID
&amp#27;[2m2025-03-25 05:43:04.752&amp#27;[0;39m &amp#27;[32m INFO&amp#27;[0;39m &amp#27;[35m94332&amp#27;[0;39m &amp#27;[2m---&amp#27;[0;39m &amp#27;[2m[           main]&amp#27;[0;39m &amp#27;[36mliquibase.changelog                     &amp#27;[0;39m &amp#27;[2m:&amp#27;[0;39m Table STRATEGIES created
&amp#27;[2m2025-03-25 05:43:04.752&amp#27;[0;39m &amp#27;[32m INFO&amp#27;[0;39m &amp#27;[35m94332&amp#27;[0;39m &amp#27;[2m---&amp#27;[0;39m &amp#27;[2m[           main]&amp#27;[0;39m &amp#27;[36mliquibase.changelog                     &amp#27;[0;39m &amp#27;[2m:&amp#27;[0;39m Auto-increment added to STRATEGIES.ID
&amp#27;[2m2025-03-25 05:43:04.761&amp#27;[0;39m &amp#27;[32m INFO&amp#27;[0;39m &amp#27;[35m94332&amp#27;[0;39m &amp#27;[2m---&amp#27;[0;39m &amp#27;[2m[           main]&amp#27;[0;39m &amp#27;[36mliquibase.changelog                     &amp#27;[0;39m &amp#27;[2m:&amp#27;[0;39m Table POSITIONS created
&amp#27;[2m2025-03-25 05:43:04.761&amp#27;[0;39m &amp#27;[32m INFO&amp#27;[0;39m &amp#27;[35m94332&amp#27;[0;39m &amp#27;[2m---&amp#27;[0;39m &amp#27;[2m[           main]&amp#27;[0;39m &amp#27;[36mliquibase.changelog                     &amp#27;[0;39m &amp#27;[2m:&amp#27;[0;39m Auto-increment added to POSITIONS.ID
&amp#27;[2m2025-03-25 05:43:04.768&amp#27;[0;39m &amp#27;[32m INFO&amp#27;[0;39m &amp#27;[35m94332&amp#27;[0;39m &amp#27;[2m---&amp#27;[0;39m &amp#27;[2m[           main]&amp#27;[0;39m &amp#27;[36mliquibase.changelog                     &amp#27;[0;39m &amp#27;[2m:&amp#27;[0;39m Table ORDERS created
&amp#27;[2m2025-03-25 05:43:04.769&amp#27;[0;39m &amp#27;[32m INFO&amp#27;[0;39m &amp#27;[35m94332&amp#27;[0;39m &amp#27;[2m---&amp#27;[0;39m &amp#27;[2m[           main]&amp#27;[0;39m &amp#27;[36mliquibase.changelog                     &amp#27;[0;39m &amp#27;[2m:&amp#27;[0;39m Auto-increment added to ORDERS.ID
&amp#27;[2m2025-03-25 05:43:04.775&amp#27;[0;39m &amp#27;[32m INFO&amp#27;[0;39m &amp#27;[35m94332&amp#27;[0;39m &amp#27;[2m---&amp#27;[0;39m &amp#27;[2m[           main]&amp#27;[0;39m &amp#27;[36mliquibase.changelog                     &amp#27;[0;39m &amp#27;[2m:&amp#27;[0;39m Table TRADES created
&amp#27;[2m2025-03-25 05:43:04.776&amp#27;[0;39m &amp#27;[32m INFO&amp#27;[0;39m &amp#27;[35m94332&amp#27;[0;39m &amp#27;[2m---&amp#27;[0;39m &amp#27;[2m[           main]&amp#27;[0;39m &amp#27;[36mliquibase.changelog                     &amp#27;[0;39m &amp#27;[2m:&amp#27;[0;39m Auto-increment added to TRADES.ID
&amp#27;[2m2025-03-25 05:43:04.778&amp#27;[0;39m &amp#27;[32m INFO&amp#27;[0;39m &amp#27;[35m94332&amp#27;[0;39m &amp#27;[2m---&amp#27;[0;39m &amp#27;[2m[           main]&amp#27;[0;39m &amp#27;[36mliquibase.changelog                     &amp#27;[0;39m &amp#27;[2m:&amp#27;[0;39m Foreign key constraint added to STRATEGIES (FK_EXCHANGE_ACCOUNT_ID)
&amp#27;[2m2025-03-25 05:43:04.778&amp#27;[0;39m &amp#27;[32m INFO&amp#27;[0;39m &amp#27;[35m94332&amp#27;[0;39m &amp#27;[2m---&amp#27;[0;39m &amp#27;[2m[           main]&amp#27;[0;39m &amp#27;[36mliquibase.changelog                     &amp#27;[0;39m &amp#27;[2m:&amp#27;[0;39m Foreign key constraint added to POSITIONS (FK_STRATEGY_ID)
&amp#27;[2m2025-03-25 05:43:04.779&amp#27;[0;39m &amp#27;[32m INFO&amp#27;[0;39m &amp#27;[35m94332&amp#27;[0;39m &amp#27;[2m---&amp#27;[0;39m &amp#27;[2m[           main]&amp#27;[0;39m &amp#27;[36mliquibase.changelog                     &amp#27;[0;39m &amp#27;[2m:&amp#27;[0;39m Foreign key constraint added to POSITIONS (FK_OPENING_ORDER_ID)
&amp#27;[2m2025-03-25 05:43:04.780&amp#27;[0;39m &amp#27;[32m INFO&amp#27;[0;39m &amp#27;[35m94332&amp#27;[0;39m &amp#27;[2m---&amp#27;[0;39m &amp#27;[2m[           main]&amp#27;[0;39m &amp#27;[36mliquibase.changelog                     &amp#27;[0;39m &amp#27;[2m:&amp#27;[0;39m Foreign key constraint added to POSITIONS (FK_CLOSING_ORDER_ID)
&amp#27;[2m2025-03-25 05:43:04.780&amp#27;[0;39m &amp#27;[32m INFO&amp#27;[0;39m &amp#27;[35m94332&amp#27;[0;39m &amp#27;[2m---&amp#27;[0;39m &amp#27;[2m[           main]&amp#27;[0;39m &amp#27;[36mliquibase.changelog                     &amp#27;[0;39m &amp#27;[2m:&amp#27;[0;39m Foreign key constraint added to ORDERS (FK_STRATEGY_ID)
&amp#27;[2m2025-03-25 05:43:04.781&amp#27;[0;39m &amp#27;[32m INFO&amp#27;[0;39m &amp#27;[35m94332&amp#27;[0;39m &amp#27;[2m---&amp#27;[0;39m &amp#27;[2m[           main]&amp#27;[0;39m &amp#27;[36mliquibase.changelog                     &amp#27;[0;39m &amp#27;[2m:&amp#27;[0;39m Foreign key constraint added to TRADES (FK_ORDER_ID)
&amp#27;[2m2025-03-25 05:43:04.781&amp#27;[0;39m &amp#27;[32m INFO&amp#27;[0;39m &amp#27;[35m94332&amp#27;[0;39m &amp#27;[2m---&amp#27;[0;39m &amp#27;[2m[           main]&amp#27;[0;39m &amp#27;[36mliquibase.changelog                     &amp#27;[0;39m &amp#27;[2m:&amp#27;[0;39m Index IDX_STRATEGIES_STRATEGY_ID created
&amp#27;[2m2025-03-25 05:43:04.782&amp#27;[0;39m &amp#27;[32m INFO&amp#27;[0;39m &amp#27;[35m94332&amp#27;[0;39m &amp#27;[2m---&amp#27;[0;39m &amp#27;[2m[           main]&amp#27;[0;39m &amp#27;[36mliquibase.changelog                     &amp#27;[0;39m &amp#27;[2m:&amp#27;[0;39m Index IDX_POSITIONS_POSITION_ID created
&amp#27;[2m2025-03-25 05:43:04.782&amp#27;[0;39m &amp#27;[32m INFO&amp#27;[0;39m &amp#27;[35m94332&amp#27;[0;39m &amp#27;[2m---&amp#27;[0;39m &amp#27;[2m[           main]&amp#27;[0;39m &amp#27;[36mliquibase.changelog                     &amp#27;[0;39m &amp#27;[2m:&amp#27;[0;39m Index IDX_POSITIONS_STATUS created
&amp#27;[2m2025-03-25 05:43:04.782&amp#27;[0;39m &amp#27;[32m INFO&amp#27;[0;39m &amp#27;[35m94332&amp#27;[0;39m &amp#27;[2m---&amp#27;[0;39m &amp#27;[2m[           main]&amp#27;[0;39m &amp#27;[36mliquibase.changelog                     &amp#27;[0;39m &amp#27;[2m:&amp#27;[0;39m Index IDX_POSITIONS_FK_OPENING_ORDER_ID created
&amp#27;[2m2025-03-25 05:43:04.783&amp#27;[0;39m &amp#27;[32m INFO&amp#27;[0;39m &amp#27;[35m94332&amp#27;[0;39m &amp#27;[2m---&amp#27;[0;39m &amp#27;[2m[           main]&amp#27;[0;39m &amp#27;[36mliquibase.changelog                     &amp#27;[0;39m &amp#27;[2m:&amp#27;[0;39m Index IDX_POSITIONS_FK_CLOSING_ORDER_ID created
&amp#27;[2m2025-03-25 05:43:04.783&amp#27;[0;39m &amp#27;[32m INFO&amp#27;[0;39m &amp#27;[35m94332&amp#27;[0;39m &amp#27;[2m---&amp#27;[0;39m &amp#27;[2m[           main]&amp#27;[0;39m &amp#27;[36mliquibase.changelog                     &amp#27;[0;39m &amp#27;[2m:&amp#27;[0;39m Index IDX_ORDERS_ORDER_ID created
&amp#27;[2m2025-03-25 05:43:04.784&amp#27;[0;39m &amp#27;[32m INFO&amp#27;[0;39m &amp#27;[35m94332&amp#27;[0;39m &amp#27;[2m---&amp#27;[0;39m &amp#27;[2m[           main]&amp#27;[0;39m &amp#27;[36mliquibase.changelog                     &amp#27;[0;39m &amp#27;[2m:&amp#27;[0;39m Index IDX_TRADES_TRADE_ID created
&amp#27;[2m2025-03-25 05:43:04.784&amp#27;[0;39m &amp#27;[32m INFO&amp#27;[0;39m &amp#27;[35m94332&amp#27;[0;39m &amp#27;[2m---&amp#27;[0;39m &amp#27;[2m[           main]&amp#27;[0;39m &amp#27;[36mliquibase.changelog                     &amp#27;[0;39m &amp#27;[2m:&amp#27;[0;39m Index IDX_TRADES_ORDER_ID created
&amp#27;[2m2025-03-25 05:43:04.784&amp#27;[0;39m &amp#27;[32m INFO&amp#27;[0;39m &amp#27;[35m94332&amp#27;[0;39m &amp#27;[2m---&amp#27;[0;39m &amp#27;[2m[           main]&amp#27;[0;39m &amp#27;[36mliquibase.changelog                     &amp#27;[0;39m &amp#27;[2m:&amp#27;[0;39m ChangeSet db/changelog/db.changelog-4.0.0.xml::changelog-4.0.0::straumat ran successfully in 40ms
Running Changeset: db/changelog/db.changelog-4.1.0.xml::changelog-4.1.0::straumat
&amp#27;[2m2025-03-25 05:43:04.788&amp#27;[0;39m &amp#27;[32m INFO&amp#27;[0;39m &amp#27;[35m94332&amp#27;[0;39m &amp#27;[2m---&amp#27;[0;39m &amp#27;[2m[           main]&amp#27;[0;39m &amp#27;[36mliquibase.changelog                     &amp#27;[0;39m &amp#27;[2m:&amp#27;[0;39m Column POSITIONS.LOWEST_PRICE_VALUE renamed to LOWEST_GAIN_PRICE_VALUE
&amp#27;[2m2025-03-25 05:43:04.789&amp#27;[0;39m &amp#27;[32m INFO&amp#27;[0;39m &amp#27;[35m94332&amp#27;[0;39m &amp#27;[2m---&amp#27;[0;39m &amp#27;[2m[           main]&amp#27;[0;39m &amp#27;[36mliquibase.changelog                     &amp#27;[0;39m &amp#27;[2m:&amp#27;[0;39m Column POSITIONS.LOWEST_PRICE_CURRENCY renamed to LOWEST_GAIN_PRICE_CURRENCY
&amp#27;[2m2025-03-25 05:43:04.789&amp#27;[0;39m &amp#27;[32m INFO&amp#27;[0;39m &amp#27;[35m94332&amp#27;[0;39m &amp#27;[2m---&amp#27;[0;39m &amp#27;[2m[           main]&amp#27;[0;39m &amp#27;[36mliquibase.changelog                     &amp#27;[0;39m &amp#27;[2m:&amp#27;[0;39m Column POSITIONS.HIGHEST_PRICE_VALUE renamed to HIGHEST_GAIN_PRICE_VALUE
&amp#27;[2m2025-03-25 05:43:04.790&amp#27;[0;39m &amp#27;[32m INFO&amp#27;[0;39m &amp#27;[35m94332&amp#27;[0;39m &amp#27;[2m---&amp#27;[0;39m &amp#27;[2m[           main]&amp#27;[0;39m &amp#27;[36mliquibase.changelog                     &amp#27;[0;39m &amp#27;[2m:&amp#27;[0;39m Column POSITIONS.HIGHEST_PRICE_CURRENCY renamed to HIGHEST_GAIN_PRICE_CURRENCY
&amp#27;[2m2025-03-25 05:43:04.790&amp#27;[0;39m &amp#27;[32m INFO&amp#27;[0;39m &amp#27;[35m94332&amp#27;[0;39m &amp#27;[2m---&amp#27;[0;39m &amp#27;[2m[           main]&amp#27;[0;39m &amp#27;[36mliquibase.changelog                     &amp#27;[0;39m &amp#27;[2m:&amp#27;[0;39m Column POSITIONS.LATEST_PRICE_VALUE renamed to LATEST_GAIN_PRICE_VALUE
&amp#27;[2m2025-03-25 05:43:04.791&amp#27;[0;39m &amp#27;[32m INFO&amp#27;[0;39m &amp#27;[35m94332&amp#27;[0;39m &amp#27;[2m---&amp#27;[0;39m &amp#27;[2m[           main]&amp#27;[0;39m &amp#27;[36mliquibase.changelog                     &amp#27;[0;39m &amp#27;[2m:&amp#27;[0;39m Column POSITIONS.LATEST_PRICE_CURRENCY renamed to LATEST_GAIN_PRICE_CURRENCY
&amp#27;[2m2025-03-25 05:43:04.791&amp#27;[0;39m &amp#27;[32m INFO&amp#27;[0;39m &amp#27;[35m94332&amp#27;[0;39m &amp#27;[2m---&amp#27;[0;39m &amp#27;[2m[           main]&amp#27;[0;39m &amp#27;[36mliquibase.changelog                     &amp#27;[0;39m &amp#27;[2m:&amp#27;[0;39m ChangeSet db/changelog/db.changelog-4.1.0.xml::changelog-4.1.0::straumat ran successfully in 3ms
Running Changeset: db/changelog/db.changelog-4.1.1.xml::changelog-4.1.1::straumat
&amp#27;[2m2025-03-25 05:43:04.793&amp#27;[0;39m &amp#27;[32m INFO&amp#27;[0;39m &amp#27;[35m94332&amp#27;[0;39m &amp#27;[2m---&amp#27;[0;39m &amp#27;[2m[           main]&amp#27;[0;39m &amp#27;[36mliquibase.changelog                     &amp#27;[0;39m &amp#27;[2m:&amp#27;[0;39m Columns FORCE_CLOSING(boolean) added to POSITIONS
&amp#27;[2m2025-03-25 05:43:04.793&amp#27;[0;39m &amp#27;[32m INFO&amp#27;[0;39m &amp#27;[35m94332&amp#27;[0;39m &amp#27;[2m---&amp#27;[0;39m &amp#27;[2m[           main]&amp#27;[0;39m &amp#27;[36mliquibase.changelog                     &amp#27;[0;39m &amp#27;[2m:&amp#27;[0;39m ChangeSet db/changelog/db.changelog-4.1.1.xml::changelog-4.1.1::straumat ran successfully in 2ms
Running Changeset: db/changelog/db.changelog-5.0.0.xml::changelog-5.0.0::straumat
&amp#27;[2m2025-03-25 05:43:04.795&amp#27;[0;39m &amp#27;[32m INFO&amp#27;[0;39m &amp#27;[35m94332&amp#27;[0;39m &amp#27;[2m---&amp#27;[0;39m &amp#27;[2m[           main]&amp#27;[0;39m &amp#27;[36mliquibase.changelog                     &amp#27;[0;39m &amp#27;[2m:&amp#27;[0;39m Foreign key FK_STRATEGIES_EXCHANGE_ACCOUNT_ID dropped
&amp#27;[2m2025-03-25 05:43:04.795&amp#27;[0;39m &amp#27;[32m INFO&amp#27;[0;39m &amp#27;[35m94332&amp#27;[0;39m &amp#27;[2m---&amp#27;[0;39m &amp#27;[2m[           main]&amp#27;[0;39m &amp#27;[36mliquibase.changelog                     &amp#27;[0;39m &amp#27;[2m:&amp#27;[0;39m Column STRATEGIES.FK_EXCHANGE_ACCOUNT_ID dropped
&amp#27;[2m2025-03-25 05:43:04.796&amp#27;[0;39m &amp#27;[32m INFO&amp#27;[0;39m &amp#27;[35m94332&amp#27;[0;39m &amp#27;[2m---&amp#27;[0;39m &amp#27;[2m[           main]&amp#27;[0;39m &amp#27;[36mliquibase.changelog                     &amp#27;[0;39m &amp#27;[2m:&amp#27;[0;39m Table EXCHANGE_ACCOUNTS dropped
&amp#27;[2m2025-03-25 05:43:04.797&amp#27;[0;39m &amp#27;[32m INFO&amp#27;[0;39m &amp#27;[35m94332&amp#27;[0;39m &amp#27;[2m---&amp#27;[0;39m &amp#27;[2m[           main]&amp#27;[0;39m &amp#27;[36mliquibase.changelog                     &amp#27;[0;39m &amp#27;[2m:&amp#27;[0;39m Columns MARKET_PRICE_VALUE(numeric(16, 8)),MARKET_PRICE_CURRENCY(VARCHAR(255)) added to ORDERS
&amp#27;[2m2025-03-25 05:43:04.798&amp#27;[0;39m &amp#27;[32m INFO&amp#27;[0;39m &amp#27;[35m94332&amp#27;[0;39m &amp#27;[2m---&amp#27;[0;39m &amp#27;[2m[           main]&amp#27;[0;39m &amp#27;[36mliquibase.changelog                     &amp#27;[0;39m &amp#27;[2m:&amp#27;[0;39m Unique constraint added to ORDERS(ORDER_ID)
&amp#27;[2m2025-03-25 05:43:04.798&amp#27;[0;39m &amp#27;[32m INFO&amp#27;[0;39m &amp#27;[35m94332&amp#27;[0;39m &amp#27;[2m---&amp#27;[0;39m &amp#27;[2m[           main]&amp#27;[0;39m &amp#27;[36mliquibase.changelog                     &amp#27;[0;39m &amp#27;[2m:&amp#27;[0;39m Unique constraint added to TRADES(TRADE_ID)
&amp#27;[2m2025-03-25 05:43:04.799&amp#27;[0;39m &amp#27;[32m INFO&amp#27;[0;39m &amp#27;[35m94332&amp#27;[0;39m &amp#27;[2m---&amp#27;[0;39m &amp#27;[2m[           main]&amp#27;[0;39m &amp#27;[36mliquibase.changelog                     &amp#27;[0;39m &amp#27;[2m:&amp#27;[0;39m Index IDX_TRADES_ORDER_ID dropped from table TRADES
&amp#27;[2m2025-03-25 05:43:04.799&amp#27;[0;39m &amp#27;[32m INFO&amp#27;[0;39m &amp#27;[35m94332&amp#27;[0;39m &amp#27;[2m---&amp#27;[0;39m &amp#27;[2m[           main]&amp#27;[0;39m &amp#27;[36mliquibase.changelog                     &amp#27;[0;39m &amp#27;[2m:&amp#27;[0;39m Columns ORDER_ID dropped from TRADES
&amp#27;[2m2025-03-25 05:43:04.800&amp#27;[0;39m &amp#27;[32m INFO&amp#27;[0;39m &amp#27;[35m94332&amp#27;[0;39m &amp#27;[2m---&amp#27;[0;39m &amp#27;[2m[           main]&amp#27;[0;39m &amp#27;[36mliquibase.changelog                     &amp#27;[0;39m &amp#27;[2m:&amp#27;[0;39m Index IDX_POSITIONS_FK_OPENING_ORDER_ID dropped from table POSITIONS
&amp#27;[2m2025-03-25 05:43:04.800&amp#27;[0;39m &amp#27;[32m INFO&amp#27;[0;39m &amp#27;[35m94332&amp#27;[0;39m &amp#27;[2m---&amp#27;[0;39m &amp#27;[2m[           main]&amp#27;[0;39m &amp#27;[36mliquibase.changelog                     &amp#27;[0;39m &amp#27;[2m:&amp#27;[0;39m Index IDX_POSITIONS_FK_CLOSING_ORDER_ID dropped from table POSITIONS
&amp#27;[2m2025-03-25 05:43:04.801&amp#27;[0;39m &amp#27;[32m INFO&amp#27;[0;39m &amp#27;[35m94332&amp#27;[0;39m &amp#27;[2m---&amp#27;[0;39m &amp#27;[2m[           main]&amp#27;[0;39m &amp#27;[36mliquibase.changelog                     &amp#27;[0;39m &amp#27;[2m:&amp#27;[0;39m Columns OPENING_ORDER_ID,CLOSING_ORDER_ID dropped from POSITIONS
&amp#27;[2m2025-03-25 05:43:04.801&amp#27;[0;39m &amp#27;[32m INFO&amp#27;[0;39m &amp#27;[35m94332&amp#27;[0;39m &amp#27;[2m---&amp#27;[0;39m &amp#27;[2m[           main]&amp#27;[0;39m &amp#27;[36mliquibase.changelog                     &amp#27;[0;39m &amp#27;[2m:&amp#27;[0;39m ChangeSet db/changelog/db.changelog-5.0.0.xml::changelog-5.0.0::straumat ran successfully in 7ms
Running Changeset: db/changelog/db.changelog-5.0.3.xml::changelog-5.0.3::straumat
&amp#27;[2m2025-03-25 05:43:04.807&amp#27;[0;39m &amp#27;[32m INFO&amp#27;[0;39m &amp#27;[35m94332&amp#27;[0;39m &amp#27;[2m---&amp#27;[0;39m &amp#27;[2m[           main]&amp#27;[0;39m &amp#27;[36mliquibase.changelog                     &amp#27;[0;39m &amp#27;[2m:&amp#27;[0;39m Table BACKTESTING_TICKERS created
&amp#27;[2m2025-03-25 05:43:04.807&amp#27;[0;39m &amp#27;[32m INFO&amp#27;[0;39m &amp#27;[35m94332&amp#27;[0;39m &amp#27;[2m---&amp#27;[0;39m &amp#27;[2m[           main]&amp#27;[0;39m &amp#27;[36mliquibase.changelog                     &amp#27;[0;39m &amp#27;[2m:&amp#27;[0;39m Index IDX_BACKTESTING_TICKERS_RESPONSE_SEQUENCE_ID created
&amp#27;[2m2025-03-25 05:43:04.808&amp#27;[0;39m &amp#27;[32m INFO&amp#27;[0;39m &amp#27;[35m94332&amp#27;[0;39m &amp#27;[2m---&amp#27;[0;39m &amp#27;[2m[           main]&amp#27;[0;39m &amp#27;[36mliquibase.changelog                     &amp#27;[0;39m &amp#27;[2m:&amp#27;[0;39m ChangeSet db/changelog/db.changelog-5.0.3.xml::changelog-5.0.3::straumat ran successfully in 6ms
Running Changeset: db/changelog/db.changelog-5.0.4.xml::changelog-5.0.4::straumat
&amp#27;[2m2025-03-25 05:43:04.811&amp#27;[0;39m &amp#27;[32m INFO&amp#27;[0;39m &amp#27;[35m94332&amp#27;[0;39m &amp#27;[2m---&amp#27;[0;39m &amp#27;[2m[           main]&amp#27;[0;39m &amp#27;[36mliquibase.changelog                     &amp#27;[0;39m &amp#27;[2m:&amp#27;[0;39m Table IMPORTED_TICKERS created
&amp#27;[2m2025-03-25 05:43:04.811&amp#27;[0;39m &amp#27;[32m INFO&amp#27;[0;39m &amp#27;[35m94332&amp#27;[0;39m &amp#27;[2m---&amp#27;[0;39m &amp#27;[2m[           main]&amp#27;[0;39m &amp#27;[36mliquibase.changelog                     &amp#27;[0;39m &amp#27;[2m:&amp#27;[0;39m Index IDX_IMPORTED_TICKERS_CURRENCY_PAIR_AND_TIMESTAMP created
&amp#27;[2m2025-03-25 05:43:04.811&amp#27;[0;39m &amp#27;[32m INFO&amp#27;[0;39m &amp#27;[35m94332&amp#27;[0;39m &amp#27;[2m---&amp#27;[0;39m &amp#27;[2m[           main]&amp#27;[0;39m &amp#27;[36mliquibase.changelog                     &amp#27;[0;39m &amp#27;[2m:&amp#27;[0;39m ChangeSet db/changelog/db.changelog-5.0.4.xml::changelog-5.0.4::straumat ran successfully in 3ms
Running Changeset: db/changelog/db.changelog-5.0.7.xml::changelog-5.0.7::straumat
&amp#27;[2m2025-03-25 05:43:04.813&amp#27;[0;39m &amp#27;[32m INFO&amp#27;[0;39m &amp#27;[35m94332&amp#27;[0;39m &amp#27;[2m---&amp#27;[0;39m &amp#27;[2m[           main]&amp#27;[0;39m &amp#27;[36mliquibase.changelog                     &amp#27;[0;39m &amp#27;[2m:&amp#27;[0;39m IMPORTED_TICKERS.VOLUME datatype was changed to numeric(30, 12)
&amp#27;[2m2025-03-25 05:43:04.814&amp#27;[0;39m &amp#27;[32m INFO&amp#27;[0;39m &amp#27;[35m94332&amp#27;[0;39m &amp#27;[2m---&amp#27;[0;39m &amp#27;[2m[           main]&amp#27;[0;39m &amp#27;[36mliquibase.changelog                     &amp#27;[0;39m &amp#27;[2m:&amp#27;[0;39m BACKTESTING_TICKERS.VOLUME datatype was changed to numeric(30, 12)
&amp#27;[2m2025-03-25 05:43:04.814&amp#27;[0;39m &amp#27;[32m INFO&amp#27;[0;39m &amp#27;[35m94332&amp#27;[0;39m &amp#27;[2m---&amp#27;[0;39m &amp#27;[2m[           main]&amp#27;[0;39m &amp#27;[36mliquibase.changelog                     &amp#27;[0;39m &amp#27;[2m:&amp#27;[0;39m ChangeSet db/changelog/db.changelog-5.0.7.xml::changelog-5.0.7::straumat ran successfully in 2ms
Running Changeset: db/changelog/db.changelog-5.0.8.xml::changelog-5.0.8::straumat
&amp#27;[2m2025-03-25 05:43:04.816&amp#27;[0;39m &amp#27;[32m INFO&amp#27;[0;39m &amp#27;[35m94332&amp#27;[0;39m &amp#27;[2m---&amp#27;[0;39m &amp#27;[2m[           main]&amp#27;[0;39m &amp#27;[36mliquibase.changelog                     &amp#27;[0;39m &amp#27;[2m:&amp#27;[0;39m Columns BASE_CURRENCY_PRECISION(INTEGER),QUOTE_CURRENCY_PRECISION(INTEGER) added to POSITIONS
&amp#27;[2m2025-03-25 05:43:04.816&amp#27;[0;39m &amp#27;[32m INFO&amp#27;[0;39m &amp#27;[35m94332&amp#27;[0;39m &amp#27;[2m---&amp#27;[0;39m &amp#27;[2m[           main]&amp#27;[0;39m &amp#27;[36mliquibase.changelog                     &amp#27;[0;39m &amp#27;[2m:&amp#27;[0;39m Data updated in POSITIONS
&amp#27;[2m2025-03-25 05:43:04.817&amp#27;[0;39m &amp#27;[32m INFO&amp#27;[0;39m &amp#27;[35m94332&amp#27;[0;39m &amp#27;[2m---&amp#27;[0;39m &amp#27;[2m[           main]&amp#27;[0;39m &amp#27;[36mliquibase.changelog                     &amp#27;[0;39m &amp#27;[2m:&amp#27;[0;39m Columns AUTO_CLOSE(boolean) added to POSITIONS
&amp#27;[2m2025-03-25 05:43:04.818&amp#27;[0;39m &amp#27;[32m INFO&amp#27;[0;39m &amp#27;[35m94332&amp#27;[0;39m &amp#27;[2m---&amp#27;[0;39m &amp#27;[2m[           main]&amp#27;[0;39m &amp#27;[36mliquibase.changelog                     &amp#27;[0;39m &amp#27;[2m:&amp#27;[0;39m Data updated in POSITIONS
&amp#27;[2m2025-03-25 05:43:04.818&amp#27;[0;39m &amp#27;[32m INFO&amp#27;[0;39m &amp#27;[35m94332&amp#27;[0;39m &amp#27;[2m---&amp#27;[0;39m &amp#27;[2m[           main]&amp#27;[0;39m &amp#27;[36mliquibase.changelog                     &amp#27;[0;39m &amp#27;[2m:&amp#27;[0;39m ChangeSet db/changelog/db.changelog-5.0.8.xml::changelog-5.0.8::straumat ran successfully in 4ms
Running Changeset: db/changelog/db.changelog-5.1.0.xml::changelog-5.1.0::straumat
&amp#27;[2m2025-03-25 05:43:04.819&amp#27;[0;39m &amp#27;[32m INFO&amp#27;[0;39m &amp#27;[35m94332&amp#27;[0;39m &amp#27;[2m---&amp#27;[0;39m &amp#27;[2m[           main]&amp#27;[0;39m &amp#27;[36mliquibase.changelog                     &amp#27;[0;39m &amp#27;[2m:&amp#27;[0;39m Column STRATEGIES.ID renamed to UID
&amp#27;[2m2025-03-25 05:43:04.819&amp#27;[0;39m &amp#27;[32m INFO&amp#27;[0;39m &amp#27;[35m94332&amp#27;[0;39m &amp#27;[2m---&amp#27;[0;39m &amp#27;[2m[           main]&amp#27;[0;39m &amp#27;[36mliquibase.changelog                     &amp#27;[0;39m &amp#27;[2m:&amp#27;[0;39m Column POSITIONS.ID renamed to UID
&amp#27;[2m2025-03-25 05:43:04.820&amp#27;[0;39m &amp#27;[32m INFO&amp#27;[0;39m &amp#27;[35m94332&amp#27;[0;39m &amp#27;[2m---&amp#27;[0;39m &amp#27;[2m[           main]&amp#27;[0;39m &amp#27;[36mliquibase.changelog                     &amp#27;[0;39m &amp#27;[2m:&amp#27;[0;39m Column ORDERS.ID renamed to UID
&amp#27;[2m2025-03-25 05:43:04.820&amp#27;[0;39m &amp#27;[32m INFO&amp#27;[0;39m &amp#27;[35m94332&amp#27;[0;39m &amp#27;[2m---&amp#27;[0;39m &amp#27;[2m[           main]&amp#27;[0;39m &amp#27;[36mliquibase.changelog                     &amp#27;[0;39m &amp#27;[2m:&amp#27;[0;39m Column TRADES.ID renamed to UID
&amp#27;[2m2025-03-25 05:43:04.820&amp#27;[0;39m &amp#27;[32m INFO&amp#27;[0;39m &amp#27;[35m94332&amp#27;[0;39m &amp#27;[2m---&amp#27;[0;39m &amp#27;[2m[           main]&amp#27;[0;39m &amp#27;[36mliquibase.changelog                     &amp#27;[0;39m &amp#27;[2m:&amp#27;[0;39m Column IMPORTED_TICKERS.ID renamed to UID
&amp#27;[2m2025-03-25 05:43:04.821&amp#27;[0;39m &amp#27;[32m INFO&amp#27;[0;39m &amp#27;[35m94332&amp#27;[0;39m &amp#27;[2m---&amp#27;[0;39m &amp#27;[2m[           main]&amp#27;[0;39m &amp#27;[36mliquibase.changelog                     &amp#27;[0;39m &amp#27;[2m:&amp#27;[0;39m Column POSITIONS.FK_STRATEGY_ID renamed to FK_STRATEGY_UID
&amp#27;[2m2025-03-25 05:43:04.821&amp#27;[0;39m &amp#27;[32m INFO&amp#27;[0;39m &amp#27;[35m94332&amp#27;[0;39m &amp#27;[2m---&amp#27;[0;39m &amp#27;[2m[           main]&amp#27;[0;39m &amp#27;[36mliquibase.changelog                     &amp#27;[0;39m &amp#27;[2m:&amp#27;[0;39m Column POSITIONS.FK_OPENING_ORDER_ID renamed to FK_OPENING_ORDER_UID
&amp#27;[2m2025-03-25 05:43:04.821&amp#27;[0;39m &amp#27;[32m INFO&amp#27;[0;39m &amp#27;[35m94332&amp#27;[0;39m &amp#27;[2m---&amp#27;[0;39m &amp#27;[2m[           main]&amp#27;[0;39m &amp#27;[36mliquibase.changelog                     &amp#27;[0;39m &amp#27;[2m:&amp#27;[0;39m Column POSITIONS.FK_CLOSING_ORDER_ID renamed to FK_CLOSING_ORDER_UID
&amp#27;[2m2025-03-25 05:43:04.821&amp#27;[0;39m &amp#27;[32m INFO&amp#27;[0;39m &amp#27;[35m94332&amp#27;[0;39m &amp#27;[2m---&amp#27;[0;39m &amp#27;[2m[           main]&amp#27;[0;39m &amp#27;[36mliquibase.changelog                     &amp#27;[0;39m &amp#27;[2m:&amp#27;[0;39m Column ORDERS.FK_STRATEGY_ID renamed to FK_STRATEGY_UID
&amp#27;[2m2025-03-25 05:43:04.822&amp#27;[0;39m &amp#27;[32m INFO&amp#27;[0;39m &amp#27;[35m94332&amp#27;[0;39m &amp#27;[2m---&amp#27;[0;39m &amp#27;[2m[           main]&amp#27;[0;39m &amp#27;[36mliquibase.changelog                     &amp#27;[0;39m &amp#27;[2m:&amp#27;[0;39m Column TRADES.FK_ORDER_ID renamed to FK_ORDER_UID
&amp#27;[2m2025-03-25 05:43:04.822&amp#27;[0;39m &amp#27;[32m INFO&amp#27;[0;39m &amp#27;[35m94332&amp#27;[0;39m &amp#27;[2m---&amp#27;[0;39m &amp#27;[2m[           main]&amp#27;[0;39m &amp#27;[36mliquibase.changelog                     &amp#27;[0;39m &amp#27;[2m:&amp#27;[0;39m ChangeSet db/changelog/db.changelog-5.1.0.xml::changelog-5.1.0::straumat ran successfully in 4ms
Running Changeset: db/changelog/db.changelog-6.0.0.xml::changelog-6.0.0::straumat
&amp#27;[2m2025-03-25 05:43:04.823&amp#27;[0;39m &amp#27;[32m INFO&amp#27;[0;39m &amp#27;[35m94332&amp#27;[0;39m &amp#27;[2m---&amp#27;[0;39m &amp#27;[2m[           main]&amp#27;[0;39m &amp#27;[36mliquibase.changelog                     &amp#27;[0;39m &amp#27;[2m:&amp#27;[0;39m Column STRATEGIES.TYPE dropped
&amp#27;[2m2025-03-25 05:43:04.823&amp#27;[0;39m &amp#27;[32m INFO&amp#27;[0;39m &amp#27;[35m94332&amp#27;[0;39m &amp#27;[2m---&amp#27;[0;39m &amp#27;[2m[           main]&amp#27;[0;39m &amp#27;[36mliquibase.changelog                     &amp#27;[0;39m &amp#27;[2m:&amp#27;[0;39m Index IDX_BACKTESTING_TICKERS_RESPONSE_SEQUENCE_ID dropped from table BACKTESTING_TICKERS
&amp#27;[2m2025-03-25 05:43:04.823&amp#27;[0;39m &amp#27;[32m INFO&amp#27;[0;39m &amp#27;[35m94332&amp#27;[0;39m &amp#27;[2m---&amp#27;[0;39m &amp#27;[2m[           main]&amp#27;[0;39m &amp#27;[36mliquibase.changelog                     &amp#27;[0;39m &amp#27;[2m:&amp#27;[0;39m Table BACKTESTING_TICKERS dropped
&amp#27;[2m2025-03-25 05:43:04.825&amp#27;[0;39m &amp#27;[32m INFO&amp#27;[0;39m &amp#27;[35m94332&amp#27;[0;39m &amp#27;[2m---&amp#27;[0;39m &amp#27;[2m[           main]&amp#27;[0;39m &amp#27;[36mliquibase.changelog                     &amp#27;[0;39m &amp#27;[2m:&amp#27;[0;39m Table BACKTESTING_CANDLES created
&amp#27;[2m2025-03-25 05:43:04.826&amp#27;[0;39m &amp#27;[32m INFO&amp#27;[0;39m &amp#27;[35m94332&amp#27;[0;39m &amp#27;[2m---&amp#27;[0;39m &amp#27;[2m[           main]&amp#27;[0;39m &amp#27;[36mliquibase.changelog                     &amp#27;[0;39m &amp#27;[2m:&amp#27;[0;39m Index IDX_BACKTESTING_CANDLES_RESPONSE_SEQUENCE_ID created
&amp#27;[2m2025-03-25 05:43:04.827&amp#27;[0;39m &amp#27;[32m INFO&amp#27;[0;39m &amp#27;[35m94332&amp#27;[0;39m &amp#27;[2m---&amp#27;[0;39m &amp#27;[2m[           main]&amp#27;[0;39m &amp#27;[36mliquibase.changelog                     &amp#27;[0;39m &amp#27;[2m:&amp#27;[0;39m Table IMPORTED_CANDLES created
&amp#27;[2m2025-03-25 05:43:04.828&amp#27;[0;39m &amp#27;[32m INFO&amp#27;[0;39m &amp#27;[35m94332&amp#27;[0;39m &amp#27;[2m---&amp#27;[0;39m &amp#27;[2m[           main]&amp#27;[0;39m &amp#27;[36mliquibase.changelog                     &amp#27;[0;39m &amp#27;[2m:&amp#27;[0;39m Index IDX_IMPORTED_CANDLES_CURRENCY_PAIR_AND_TIMESTAMP created
&amp#27;[2m2025-03-25 05:43:04.828&amp#27;[0;39m &amp#27;[32m INFO&amp#27;[0;39m &amp#27;[35m94332&amp#27;[0;39m &amp#27;[2m---&amp#27;[0;39m &amp#27;[2m[           main]&amp#27;[0;39m &amp#27;[36mliquibase.changelog                     &amp#27;[0;39m &amp#27;[2m:&amp#27;[0;39m ChangeSet db/changelog/db.changelog-6.0.0.xml::changelog-6.0.0::straumat ran successfully in 6ms
&amp#27;[2m2025-03-25 05:43:04.829&amp#27;[0;39m &amp#27;[32m INFO&amp#27;[0;39m &amp#27;[35m94332&amp#27;[0;39m &amp#27;[2m---&amp#27;[0;39m &amp#27;[2m[           main]&amp#27;[0;39m &amp#27;[36mliquibase.util                          &amp#27;[0;39m &amp#27;[2m:&amp#27;[0;39m UPDATE SUMMARY
&amp#27;[2m2025-03-25 05:43:04.830&amp#27;[0;39m &amp#27;[32m INFO&amp#27;[0;39m &amp#27;[35m94332&amp#27;[0;39m &amp#27;[2m---&amp#27;[0;39m &amp#27;[2m[           main]&amp#27;[0;39m &amp#27;[36mliquibase.util                          &amp#27;[0;39m &amp#27;[2m:&amp#27;[0;39m Run:                         10
&amp#27;[2m2025-03-25 05:43:04.830&amp#27;[0;39m &amp#27;[32m INFO&amp#27;[0;39m &amp#27;[35m94332&amp#27;[0;39m &amp#27;[2m---&amp#27;[0;39m &amp#27;[2m[           main]&amp#27;[0;39m &amp#27;[36mliquibase.util                          &amp#27;[0;39m &amp#27;[2m:&amp#27;[0;39m Previously run:               0
&amp#27;[2m2025-03-25 05:43:04.830&amp#27;[0;39m &amp#27;[32m INFO&amp#27;[0;39m &amp#27;[35m94332&amp#27;[0;39m &amp#27;[2m---&amp#27;[0;39m &amp#27;[2m[           main]&amp#27;[0;39m &amp#27;[36mliquibase.util                          &amp#27;[0;39m &amp#27;[2m:&amp#27;[0;39m Filtered out:                 0
&amp#27;[2m2025-03-25 05:43:04.830&amp#27;[0;39m &amp#27;[32m INFO&amp#27;[0;39m &amp#27;[35m94332&amp#27;[0;39m &amp#27;[2m---&amp#27;[0;39m &amp#27;[2m[           main]&amp#27;[0;39m &amp#27;[36mliquibase.util                          &amp#27;[0;39m &amp#27;[2m:&amp#27;[0;39m -------------------------------
&amp#27;[2m2025-03-25 05:43:04.830&amp#27;[0;39m &amp#27;[32m INFO&amp#27;[0;39m &amp#27;[35m94332&amp#27;[0;39m &amp#27;[2m---&amp#27;[0;39m &amp#27;[2m[           main]&amp#27;[0;39m &amp#27;[36mliquibase.util                          &amp#27;[0;39m &amp#27;[2m:&amp#27;[0;39m Total change sets:           10


UPDATE SUMMARY
Run:                         10
Previously run:               0
Filtered out:                 0
-------------------------------
Total change sets:           10

&amp#27;[2m2025-03-25 05:43:04.830&amp#27;[0;39m &amp#27;[32m INFO&amp#27;[0;39m &amp#27;[35m94332&amp#27;[0;39m &amp#27;[2m---&amp#27;[0;39m &amp#27;[2m[           main]&amp#27;[0;39m &amp#27;[36mliquibase.util                          &amp#27;[0;39m &amp#27;[2m:&amp#27;[0;39m Update summary generated
&amp#27;[2m2025-03-25 05:43:04.830&amp#27;[0;39m &amp#27;[32m INFO&amp#27;[0;39m &amp#27;[35m94332&amp#27;[0;39m &amp#27;[2m---&amp#27;[0;39m &amp#27;[2m[           main]&amp#27;[0;39m &amp#27;[36mliquibase.command                       &amp#27;[0;39m &amp#27;[2m:&amp#27;[0;39m Update command completed successfully.
Liquibase: Update has been successful.
&amp#27;[2m2025-03-25 05:43:04.831&amp#27;[0;39m &amp#27;[32m INFO&amp#27;[0;39m &amp#27;[35m94332&amp#27;[0;39m &amp#27;[2m---&amp#27;[0;39m &amp#27;[2m[           main]&amp#27;[0;39m &amp#27;[36mliquibase.lockservice                   &amp#27;[0;39m &amp#27;[2m:&amp#27;[0;39m Successfully released change log lock
&amp#27;[2m2025-03-25 05:43:04.833&amp#27;[0;39m &amp#27;[32m INFO&amp#27;[0;39m &amp#27;[35m94332&amp#27;[0;39m &amp#27;[2m---&amp#27;[0;39m &amp#27;[2m[           main]&amp#27;[0;39m &amp#27;[36mliquibase.lockservice                   &amp#27;[0;39m &amp#27;[2m:&amp#27;[0;39m Successfully released change log lock
&amp#27;[2m2025-03-25 05:43:04.833&amp#27;[0;39m &amp#27;[32m INFO&amp#27;[0;39m &amp#27;[35m94332&amp#27;[0;39m &amp#27;[2m---&amp#27;[0;39m &amp#27;[2m[           main]&amp#27;[0;39m &amp#27;[36mliquibase.command                       &amp#27;[0;39m &amp#27;[2m:&amp#27;[0;39m Command execution complete
&amp#27;[2m2025-03-25 05:43:04.908&amp#27;[0;39m &amp#27;[32m INFO&amp#27;[0;39m &amp#27;[35m94332&amp#27;[0;39m &amp#27;[2m---&amp#27;[0;39m &amp#27;[2m[           main]&amp#27;[0;39m &amp#27;[36mo.hibernate.jpa.internal.util.LogHelper &amp#27;[0;39m &amp#27;[2m:&amp#27;[0;39m HHH000204: Processing PersistenceUnitInfo [name: default]
&amp#27;[2m2025-03-25 05:43:04.940&amp#27;[0;39m &amp#27;[32m INFO&amp#27;[0;39m &amp#27;[35m94332&amp#27;[0;39m &amp#27;[2m---&amp#27;[0;39m &amp#27;[2m[           main]&amp#27;[0;39m &amp#27;[36morg.hibernate.Version                   &amp#27;[0;39m &amp#27;[2m:&amp#27;[0;39m HHH000412: Hibernate ORM core version 5.6.15.Final
&amp#27;[2m2025-03-25 05:43:05.019&amp#27;[0;39m &amp#27;[32m INFO&amp#27;[0;39m &amp#27;[35m94332&amp#27;[0;39m &amp#27;[2m---&amp#27;[0;39m &amp#27;[2m[           main]&amp#27;[0;39m &amp#27;[36mo.hibernate.annotations.common.Version  &amp#27;[0;39m &amp#27;[2m:&amp#27;[0;39m HCANN000001: Hibernate Commons Annotations {5.1.2.Final}
&amp#27;[2m2025-03-25 05:43:05.070&amp#27;[0;39m &amp#27;[32m INFO&amp#27;[0;39m &amp#27;[35m94332&amp#27;[0;39m &amp#27;[2m---&amp#27;[0;39m &amp#27;[2m[           main]&amp#27;[0;39m &amp#27;[36morg.hibernate.dialect.Dialect           &amp#27;[0;39m &amp#27;[2m:&amp#27;[0;39m HHH000400: Using dialect: org.hibernate.dialect.HSQLDialect
&amp#27;[2m2025-03-25 05:43:05.412&amp#27;[0;39m &amp#27;[32m INFO&amp#27;[0;39m &amp#27;[35m94332&amp#27;[0;39m &amp#27;[2m---&amp#27;[0;39m &amp#27;[2m[           main]&amp#27;[0;39m &amp#27;[36mo.h.e.t.j.p.i.JtaPlatformInitiator      &amp#27;[0;39m &amp#27;[2m:&amp#27;[0;39m HHH000490: Using JtaPlatform implementation: [org.hibernate.engine.transaction.jta.platform.internal.NoJtaPlatform]
&amp#27;[2m2025-03-25 05:43:05.416&amp#27;[0;39m &amp#27;[32m INFO&amp#27;[0;39m &amp#27;[35m94332&amp#27;[0;39m &amp#27;[2m---&amp#27;[0;39m &amp#27;[2m[           main]&amp#27;[0;39m &amp#27;[36mj.LocalContainerEntityManagerFactoryBean&amp#27;[0;39m &amp#27;[2m:&amp#27;[0;39m Initialized JPA EntityManagerFactory for persistence unit 'default'
&amp#27;[2m2025-03-25 05:43:05.839&amp#27;[0;39m &amp#27;[32m INFO&amp#27;[0;39m &amp#27;[35m94332&amp#27;[0;39m &amp#27;[2m---&amp#27;[0;39m &amp#27;[2m[           main]&amp#27;[0;39m &amp#27;[36mo.k.xchange.simulated.SimulatedExchange &amp#27;[0;39m &amp#27;[2m:&amp#27;[0;39m Calling Remote Init...
&amp#27;[2m2025-03-25 05:43:05.840&amp#27;[0;39m &amp#27;[32m INFO&amp#27;[0;39m &amp#27;[35m94332&amp#27;[0;39m &amp#27;[2m---&amp#27;[0;39m &amp#27;[2m[           main]&amp#27;[0;39m &amp#27;[36muration$$EnhancerBySpringCGLIB$$6fbda639&amp#27;[0;39m &amp#27;[2m:&amp#27;[0;39m Exchange connection with driver org.knowm.xchange.simulated.SimulatedExchange
&amp#27;[2m2025-03-25 05:43:05.844&amp#27;[0;39m &amp#27;[32m INFO&amp#27;[0;39m &amp#27;[35m94332&amp#27;[0;39m &amp#27;[2m---&amp#27;[0;39m &amp#27;[2m[           main]&amp#27;[0;39m &amp#27;[36muration$$EnhancerBySpringCGLIB$$6fbda639&amp#27;[0;39m &amp#27;[2m:&amp#27;[0;39m Exchange connection successful with username kucoin.cassandre.test@gmail.com (Dry mode: true / Sandbox: true)
&amp#27;[2m2025-03-25 05:43:05.908&amp#27;[0;39m &amp#27;[33m WARN&amp#27;[0;39m &amp#27;[35m94332&amp#27;[0;39m &amp#27;[2m---&amp#27;[0;39m &amp#27;[2m[           main]&amp#27;[0;39m &amp#27;[36mo.h.engine.jdbc.spi.SqlExceptionHelper  &amp#27;[0;39m &amp#27;[2m:&amp#27;[0;39m SQL Warning Code: -1100, SQLState: 02000
&amp#27;[2m2025-03-25 05:43:05.908&amp#27;[0;39m &amp#27;[33m WARN&amp#27;[0;39m &amp#27;[35m94332&amp#27;[0;39m &amp#27;[2m---&amp#27;[0;39m &amp#27;[2m[           main]&amp#27;[0;39m &amp#27;[36mo.h.engine.jdbc.spi.SqlExceptionHelper  &amp#27;[0;39m &amp#27;[2m:&amp#27;[0;39m no data
&amp#27;[2m2025-03-25 05:43:05.908&amp#27;[0;39m &amp#27;[32m INFO&amp#27;[0;39m &amp#27;[35m94332&amp#27;[0;39m &amp#27;[2m---&amp#27;[0;39m &amp#27;[2m[           main]&amp#27;[0;39m &amp#27;[36mluxMock$$EnhancerBySpringCGLIB$$571bc54e&amp#27;[0;39m &amp#27;[2m:&amp#27;[0;39m Importing candles for backtesting...
&amp#27;[2m2025-03-25 05:43:06.044&amp#27;[0;39m &amp#27;[32m INFO&amp#27;[0;39m &amp#27;[35m94332&amp#27;[0;39m &amp#27;[2m---&amp#27;[0;39m &amp#27;[2m[           main]&amp#27;[0;39m &amp#27;[36mluxMock$$EnhancerBySpringCGLIB$$571bc54e&amp#27;[0;39m &amp#27;[2m:&amp#27;[0;39m Importing candles-for-backtesting-BTC-USDT.csv...
&amp#27;[2m2025-03-25 05:43:06.249&amp#27;[0;39m &amp#27;[33m WARN&amp#27;[0;39m &amp#27;[35m94332&amp#27;[0;39m &amp#27;[2m---&amp#27;[0;39m &amp#27;[2m[           main]&amp#27;[0;39m &amp#27;[36mJpaBaseConfiguration$JpaWebConfiguration&amp#27;[0;39m &amp#27;[2m:&amp#27;[0;39m spring.jpa.open-in-view is enabled by default. Therefore, database queries may be performed during view rendering. Explicitly configure spring.jpa.open-in-view to disable this warning
&amp#27;[2m2025-03-25 05:43:06.265&amp#27;[0;39m &amp#27;[33m WARN&amp#27;[0;39m &amp#27;[35m94332&amp#27;[0;39m &amp#27;[2m---&amp#27;[0;39m &amp#27;[2m[           main]&amp#27;[0;39m &amp#27;[36m.s.s.UserDetailsServiceAutoConfiguration&amp#27;[0;39m &amp#27;[2m:&amp#27;[0;39m 

Using generated security password: 9ad9e5e2-1a9b-4bed-8fb0-f1eb5457857e

This generated password is for development use only. Your security configuration must be updated before running your application in production.

&amp#27;[2m2025-03-25 05:43:06.317&amp#27;[0;39m &amp#27;[32m INFO&amp#27;[0;39m &amp#27;[35m94332&amp#27;[0;39m &amp#27;[2m---&amp#27;[0;39m &amp#27;[2m[           main]&amp#27;[0;39m &amp#27;[36mo.s.s.web.DefaultSecurityFilterChain    &amp#27;[0;39m &amp#27;[2m:&amp#27;[0;39m Will secure Ant [pattern='/graphql/**'] with [org.springframework.security.web.session.DisableEncodeUrlFilter@49e3b86b, org.springframework.security.web.context.request.async.WebAsyncManagerIntegrationFilter@64b262a7, org.springframework.security.web.context.SecurityContextPersistenceFilter@795ef208, org.springframework.security.web.header.HeaderWriterFilter@4c8ab21f, org.springframework.security.web.authentication.logout.LogoutFilter@3821a012, org.springframework.security.web.savedrequest.RequestCacheAwareFilter@8c940e2, org.springframework.security.web.servletapi.SecurityContextHolderAwareRequestFilter@7c7478ac, org.springframework.security.web.authentication.AnonymousAuthenticationFilter@771c4015, org.springframework.security.web.session.SessionManagementFilter@1ac32da1, org.springframework.security.web.access.ExceptionTranslationFilter@77b6d94c, org.springframework.security.web.access.intercept.FilterSecurityInterceptor@16337c8e]
&amp#27;[2m2025-03-25 05:43:06.508&amp#27;[0;39m &amp#27;[32m INFO&amp#27;[0;39m &amp#27;[35m94332&amp#27;[0;39m &amp#27;[2m---&amp#27;[0;39m &amp#27;[2m[           main]&amp#27;[0;39m &amp#27;[36mc.n.g.d.w.a.GraphiQLConfigurer          &amp#27;[0;39m &amp#27;[2m:&amp#27;[0;39m Configuring GraphiQL to use GraphQL endpoint at '/graphql'
&amp#27;[2m2025-03-25 05:43:06.984&amp#27;[0;39m &amp#27;[32m INFO&amp#27;[0;39m &amp#27;[35m94332&amp#27;[0;39m &amp#27;[2m---&amp#27;[0;39m &amp#27;[2m[           main]&amp#27;[0;39m &amp#27;[36mguration$$EnhancerBySpringCGLIB$$8bab48b&amp#27;[0;39m &amp#27;[2m:&amp#27;[0;39m Supported currency pairs by the exchange: BTC/USDT
&amp#27;[2m2025-03-25 05:43:07.011&amp#27;[0;39m &amp#27;[32m INFO&amp#27;[0;39m &amp#27;[35m94332&amp#27;[0;39m &amp#27;[2m---&amp#27;[0;39m &amp#27;[2m[           main]&amp#27;[0;39m &amp#27;[36mt.c.t.b.util.dry.UserServiceDryModeAOP  &amp#27;[0;39m &amp#27;[2m:&amp#27;[0;39m Adding account 'main'
&amp#27;[2m2025-03-25 05:43:07.011&amp#27;[0;39m &amp#27;[32m INFO&amp#27;[0;39m &amp#27;[35m94332&amp#27;[0;39m &amp#27;[2m---&amp#27;[0;39m &amp#27;[2m[           main]&amp#27;[0;39m &amp#27;[36mt.c.t.b.util.dry.UserServiceDryModeAOP  &amp#27;[0;39m &amp#27;[2m:&amp#27;[0;39m - Adding balance 99.0001 BTC
&amp#27;[2m2025-03-25 05:43:07.011&amp#27;[0;39m &amp#27;[32m INFO&amp#27;[0;39m &amp#27;[35m94332&amp#27;[0;39m &amp#27;[2m---&amp#27;[0;39m &amp#27;[2m[           main]&amp#27;[0;39m &amp#27;[36mt.c.t.b.util.dry.UserServiceDryModeAOP  &amp#27;[0;39m &amp#27;[2m:&amp#27;[0;39m Adding account 'savings'
&amp#27;[2m2025-03-25 05:43:07.012&amp#27;[0;39m &amp#27;[32m INFO&amp#27;[0;39m &amp#27;[35m94332&amp#27;[0;39m &amp#27;[2m---&amp#27;[0;39m &amp#27;[2m[           main]&amp#27;[0;39m &amp#27;[36mt.c.t.b.util.dry.UserServiceDryModeAOP  &amp#27;[0;39m &amp#27;[2m:&amp#27;[0;39m - Adding balance 1.1 BTC
&amp#27;[2m2025-03-25 05:43:07.012&amp#27;[0;39m &amp#27;[32m INFO&amp#27;[0;39m &amp#27;[35m94332&amp#27;[0;39m &amp#27;[2m---&amp#27;[0;39m &amp#27;[2m[           main]&amp#27;[0;39m &amp#27;[36mt.c.t.b.util.dry.UserServiceDryModeAOP  &amp#27;[0;39m &amp#27;[2m:&amp#27;[0;39m - Adding balance 2.2 USDT
&amp#27;[2m2025-03-25 05:43:07.012&amp#27;[0;39m &amp#27;[32m INFO&amp#27;[0;39m &amp#27;[35m94332&amp#27;[0;39m &amp#27;[2m---&amp#27;[0;39m &amp#27;[2m[           main]&amp#27;[0;39m &amp#27;[36mt.c.t.b.util.dry.UserServiceDryModeAOP  &amp#27;[0;39m &amp#27;[2m:&amp#27;[0;39m - Adding balance 3.3 ETH
&amp#27;[2m2025-03-25 05:43:07.012&amp#27;[0;39m &amp#27;[32m INFO&amp#27;[0;39m &amp#27;[35m94332&amp#27;[0;39m &amp#27;[2m---&amp#27;[0;39m &amp#27;[2m[           main]&amp#27;[0;39m &amp#27;[36mt.c.t.b.util.dry.UserServiceDryModeAOP  &amp#27;[0;39m &amp#27;[2m:&amp#27;[0;39m Adding account 'trade'
&amp#27;[2m2025-03-25 05:43:07.012&amp#27;[0;39m &amp#27;[32m INFO&amp#27;[0;39m &amp#27;[35m94332&amp#27;[0;39m &amp#27;[2m---&amp#27;[0;39m &amp#27;[2m[           main]&amp#27;[0;39m &amp#27;[36mt.c.t.b.util.dry.UserServiceDryModeAOP  &amp#27;[0;39m &amp#27;[2m:&amp#27;[0;39m - Adding balance 0.99962937 BTC
&amp#27;[2m2025-03-25 05:43:07.012&amp#27;[0;39m &amp#27;[32m INFO&amp#27;[0;39m &amp#27;[35m94332&amp#27;[0;39m &amp#27;[2m---&amp#27;[0;39m &amp#27;[2m[           main]&amp#27;[0;39m &amp#27;[36mt.c.t.b.util.dry.UserServiceDryModeAOP  &amp#27;[0;39m &amp#27;[2m:&amp#27;[0;39m - Adding balance 1000 USDT
&amp#27;[2m2025-03-25 05:43:07.012&amp#27;[0;39m &amp#27;[32m INFO&amp#27;[0;39m &amp#27;[35m94332&amp#27;[0;39m &amp#27;[2m---&amp#27;[0;39m &amp#27;[2m[           main]&amp#27;[0;39m &amp#27;[36mt.c.t.b.util.dry.UserServiceDryModeAOP  &amp#27;[0;39m &amp#27;[2m:&amp#27;[0;39m - Adding balance 10 ETH
&amp#27;[2m2025-03-25 05:43:07.017&amp#27;[0;39m &amp#27;[32m INFO&amp#27;[0;39m &amp#27;[35m94332&amp#27;[0;39m &amp#27;[2m---&amp#27;[0;39m &amp#27;[2m[           main]&amp#27;[0;39m &amp#27;[36mguration$$EnhancerBySpringCGLIB$$8bab48b&amp#27;[0;39m &amp#27;[2m:&amp#27;[0;39m Accounts available on the exchange:
&amp#27;[2m2025-03-25 05:43:07.017&amp#27;[0;39m &amp#27;[32m INFO&amp#27;[0;39m &amp#27;[35m94332&amp#27;[0;39m &amp#27;[2m---&amp#27;[0;39m &amp#27;[2m[           main]&amp#27;[0;39m &amp#27;[36mguration$$EnhancerBySpringCGLIB$$8bab48b&amp#27;[0;39m &amp#27;[2m:&amp#27;[0;39m - Account id / name: trade / trade
&amp#27;[2m2025-03-25 05:43:07.017&amp#27;[0;39m &amp#27;[32m INFO&amp#27;[0;39m &amp#27;[35m94332&amp#27;[0;39m &amp#27;[2m---&amp#27;[0;39m &amp#27;[2m[           main]&amp#27;[0;39m &amp#27;[36mguration$$EnhancerBySpringCGLIB$$8bab48b&amp#27;[0;39m &amp#27;[2m:&amp#27;[0;39m  - 1000 USDT
&amp#27;[2m2025-03-25 05:43:07.017&amp#27;[0;39m &amp#27;[32m INFO&amp#27;[0;39m &amp#27;[35m94332&amp#27;[0;39m &amp#27;[2m---&amp#27;[0;39m &amp#27;[2m[           main]&amp#27;[0;39m &amp#27;[36mguration$$EnhancerBySpringCGLIB$$8bab48b&amp#27;[0;39m &amp#27;[2m:&amp#27;[0;39m  - 10 ETH
&amp#27;[2m2025-03-25 05:43:07.017&amp#27;[0;39m &amp#27;[32m INFO&amp#27;[0;39m &amp#27;[35m94332&amp#27;[0;39m &amp#27;[2m---&amp#27;[0;39m &amp#27;[2m[           main]&amp#27;[0;39m &amp#27;[36mguration$$EnhancerBySpringCGLIB$$8bab48b&amp#27;[0;39m &amp#27;[2m:&amp#27;[0;39m  - 0.99962937 BTC
&amp#27;[2m2025-03-25 05:43:07.017&amp#27;[0;39m &amp#27;[32m INFO&amp#27;[0;39m &amp#27;[35m94332&amp#27;[0;39m &amp#27;[2m---&amp#27;[0;39m &amp#27;[2m[           main]&amp#27;[0;39m &amp#27;[36mguration$$EnhancerBySpringCGLIB$$8bab48b&amp#27;[0;39m &amp#27;[2m:&amp#27;[0;39m - Account id / name: main / main
&amp#27;[2m2025-03-25 05:43:07.017&amp#27;[0;39m &amp#27;[32m INFO&amp#27;[0;39m &amp#27;[35m94332&amp#27;[0;39m &amp#27;[2m---&amp#27;[0;39m &amp#27;[2m[           main]&amp#27;[0;39m &amp#27;[36mguration$$EnhancerBySpringCGLIB$$8bab48b&amp#27;[0;39m &amp#27;[2m:&amp#27;[0;39m  - 99.0001 BTC
&amp#27;[2m2025-03-25 05:43:07.017&amp#27;[0;39m &amp#27;[32m INFO&amp#27;[0;39m &amp#27;[35m94332&amp#27;[0;39m &amp#27;[2m---&amp#27;[0;39m &amp#27;[2m[           main]&amp#27;[0;39m &amp#27;[36mguration$$EnhancerBySpringCGLIB$$8bab48b&amp#27;[0;39m &amp#27;[2m:&amp#27;[0;39m - Account id / name: savings / savings
&amp#27;[2m2025-03-25 05:43:07.017&amp#27;[0;39m &amp#27;[32m INFO&amp#27;[0;39m &amp#27;[35m94332&amp#27;[0;39m &amp#27;[2m---&amp#27;[0;39m &amp#27;[2m[           main]&amp#27;[0;39m &amp#27;[36mguration$$EnhancerBySpringCGLIB$$8bab48b&amp#27;[0;39m &amp#27;[2m:&amp#27;[0;39m  - 1.1 BTC
&amp#27;[2m2025-03-25 05:43:07.017&amp#27;[0;39m &amp#27;[32m INFO&amp#27;[0;39m &amp#27;[35m94332&amp#27;[0;39m &amp#27;[2m---&amp#27;[0;39m &amp#27;[2m[           main]&amp#27;[0;39m &amp#27;[36mguration$$EnhancerBySpringCGLIB$$8bab48b&amp#27;[0;39m &amp#27;[2m:&amp#27;[0;39m  - 3.3 ETH
&amp#27;[2m2025-03-25 05:43:07.017&amp#27;[0;39m &amp#27;[32m INFO&amp#27;[0;39m &amp#27;[35m94332&amp#27;[0;39m &amp#27;[2m---&amp#27;[0;39m &amp#27;[2m[           main]&amp#27;[0;39m &amp#27;[36mguration$$EnhancerBySpringCGLIB$$8bab48b&amp#27;[0;39m &amp#27;[2m:&amp#27;[0;39m  - 2.2 USDT
&amp#27;[2m2025-03-25 05:43:07.043&amp#27;[0;39m &amp#27;[33m WARN&amp#27;[0;39m &amp#27;[35m94332&amp#27;[0;39m &amp#27;[2m---&amp#27;[0;39m &amp#27;[2m[           main]&amp#27;[0;39m &amp#27;[36mo.h.engine.jdbc.spi.SqlExceptionHelper  &amp#27;[0;39m &amp#27;[2m:&amp#27;[0;39m SQL Warning Code: -1100, SQLState: 02000
&amp#27;[2m2025-03-25 05:43:07.043&amp#27;[0;39m &amp#27;[33m WARN&amp#27;[0;39m &amp#27;[35m94332&amp#27;[0;39m &amp#27;[2m---&amp#27;[0;39m &amp#27;[2m[           main]&amp#27;[0;39m &amp#27;[36mo.h.engine.jdbc.spi.SqlExceptionHelper  &amp#27;[0;39m &amp#27;[2m:&amp#27;[0;39m no data
&amp#27;[2m2025-03-25 05:43:07.043&amp#27;[0;39m &amp#27;[32m INFO&amp#27;[0;39m &amp#27;[35m94332&amp#27;[0;39m &amp#27;[2m---&amp#27;[0;39m &amp#27;[2m[           main]&amp#27;[0;39m &amp#27;[36mguration$$EnhancerBySpringCGLIB$$8bab48b&amp#27;[0;39m &amp#27;[2m:&amp#27;[0;39m Importing tickers...
&amp#27;[2m2025-03-25 05:43:07.088&amp#27;[0;39m &amp#27;[32m INFO&amp#27;[0;39m &amp#27;[35m94332&amp#27;[0;39m &amp#27;[2m---&amp#27;[0;39m &amp#27;[2m[           main]&amp#27;[0;39m &amp#27;[36mguration$$EnhancerBySpringCGLIB$$8bab48b&amp#27;[0;39m &amp#27;[2m:&amp#27;[0;39m 0 tickers imported
&amp#27;[2m2025-03-25 05:43:07.089&amp#27;[0;39m &amp#27;[33m WARN&amp#27;[0;39m &amp#27;[35m94332&amp#27;[0;39m &amp#27;[2m---&amp#27;[0;39m &amp#27;[2m[           main]&amp#27;[0;39m &amp#27;[36mo.h.engine.jdbc.spi.SqlExceptionHelper  &amp#27;[0;39m &amp#27;[2m:&amp#27;[0;39m SQL Warning Code: -1100, SQLState: 02000
&amp#27;[2m2025-03-25 05:43:07.089&amp#27;[0;39m &amp#27;[33m WARN&amp#27;[0;39m &amp#27;[35m94332&amp#27;[0;39m &amp#27;[2m---&amp#27;[0;39m &amp#27;[2m[           main]&amp#27;[0;39m &amp#27;[36mo.h.engine.jdbc.spi.SqlExceptionHelper  &amp#27;[0;39m &amp#27;[2m:&amp#27;[0;39m no data
&amp#27;[2m2025-03-25 05:43:07.089&amp#27;[0;39m &amp#27;[32m INFO&amp#27;[0;39m &amp#27;[35m94332&amp#27;[0;39m &amp#27;[2m---&amp#27;[0;39m &amp#27;[2m[           main]&amp#27;[0;39m &amp#27;[36mguration$$EnhancerBySpringCGLIB$$8bab48b&amp#27;[0;39m &amp#27;[2m:&amp#27;[0;39m Importing candles...
&amp#27;[2m2025-03-25 05:43:07.137&amp#27;[0;39m &amp#27;[32m INFO&amp#27;[0;39m &amp#27;[35m94332&amp#27;[0;39m &amp#27;[2m---&amp#27;[0;39m &amp#27;[2m[           main]&amp#27;[0;39m &amp#27;[36mguration$$EnhancerBySpringCGLIB$$8bab48b&amp#27;[0;39m &amp#27;[2m:&amp#27;[0;39m 0 candles imported
&amp#27;[2m2025-03-25 05:43:07.139&amp#27;[0;39m &amp#27;[32m INFO&amp#27;[0;39m &amp#27;[35m94332&amp#27;[0;39m &amp#27;[2m---&amp#27;[0;39m &amp#27;[2m[           main]&amp#27;[0;39m &amp#27;[36mguration$$EnhancerBySpringCGLIB$$8bab48b&amp#27;[0;39m &amp#27;[2m:&amp#27;[0;39m Running the following strategies:
&amp#27;[2m2025-03-25 05:43:07.140&amp#27;[0;39m &amp#27;[32m INFO&amp#27;[0;39m &amp#27;[35m94332&amp#27;[0;39m &amp#27;[2m---&amp#27;[0;39m &amp#27;[2m[           main]&amp#27;[0;39m &amp#27;[36mguration$$EnhancerBySpringCGLIB$$8bab48b&amp#27;[0;39m &amp#27;[2m:&amp#27;[0;39m - Strategy '1/Simple strategy' (requires BTC/USDT)
&amp#27;[2m2025-03-25 05:43:07.196&amp#27;[0;39m &amp#27;[32m INFO&amp#27;[0;39m &amp#27;[35m94332&amp#27;[0;39m &amp#27;[2m---&amp#27;[0;39m &amp#27;[2m[           main]&amp#27;[0;39m &amp#27;[36mc.a.tradingbot.SimpleStrategyTest       &amp#27;[0;39m &amp#27;[2m:&amp#27;[0;39m Started SimpleStrategyTest in 4.218 seconds (JVM running for 4.71)

Gains by position

Global gains
]]></system-out>
  </testcase>
</testsuite>